============================================================
  Generated by:           Genus(TM) Synthesis Solution 18.14-s037_1
  Generated on:           Oct 29 2025  08:46:08 am
  Module:                 DNN
  Operating conditions:   typical 
  Interconnect mode:      global
  Area mode:              physical library
============================================================

            Instance                                  Module                        Cell Count  Cell Area   Net Area   Total Area 
----------------------------------------------------------------------------------------------------------------------------------
DNN                                                                                     206642 297201.534 317389.107   614590.641 
  L1                            Layer_1_NN30_numWeight784_dataWidth16_layerNum1_si      110790 146763.638 170428.838   317192.476 
    n_36_SIGMOID_GEN.SROM11715  Sig_ROM_inWidth10_dataWidth16_sigmoid_filex7369674        1119   1219.078   1712.398     2931.476 
    n_52_SIGMOID_GEN.SROM11716  Sig_ROM_inWidth10_dataWidth16_sigmoid_filex7369674        1119   1219.078   1712.398     2931.476 
    n_100_SIGMOID_GEN.SROM11719 Sig_ROM_inWidth10_dataWidth16_sigmoid_filex7369674        1119   1219.078   1712.398     2931.476 
    n_36_SIGMOID_GEN.SROM1      Sig_ROM_inWidth10_dataWidth16_sigmoid_filex7369674        1119   1219.078   1712.398     2931.476 
    n_52_SIGMOID_GEN.SROM2      Sig_ROM_inWidth10_dataWidth16_sigmoid_filex7369674        1119   1219.078   1712.398     2931.476 
    n_100_SIGMOID_GEN.SROM5     Sig_ROM_inWidth10_dataWidth16_sigmoid_filex7369674        1119   1219.078   1712.398     2931.476 
    n_0_SIGMOID_GEN.SROM        Sig_ROM_inWidth10_dataWidth16_sigmoid_filex7369674        1117   1216.684   1710.384     2927.068 
    n_36_SIGMOID_GEN.SROM       Sig_ROM_inWidth10_dataWidth16_sigmoid_filex7369674        1117   1216.684   1710.384     2927.068 
    n_52_SIGMOID_GEN.SROM       Sig_ROM_inWidth10_dataWidth16_sigmoid_filex7369674        1117   1216.684   1710.384     2927.068 
    n_68_SIGMOID_GEN.SROM       Sig_ROM_inWidth10_dataWidth16_sigmoid_filex7369674        1117   1216.684   1710.384     2927.068 
    n_84_SIGMOID_GEN.SROM       Sig_ROM_inWidth10_dataWidth16_sigmoid_filex7369674        1117   1216.684   1710.384     2927.068 
    n_100_SIGMOID_GEN.SROM      Sig_ROM_inWidth10_dataWidth16_sigmoid_filex7369674        1117   1216.684   1710.384     2927.068 
    n_116_SIGMOID_GEN.SROM      Sig_ROM_inWidth10_dataWidth16_sigmoid_filex7369674        1117   1216.684   1710.384     2927.068 
    n_148_SIGMOID_GEN.SROM      Sig_ROM_inWidth10_dataWidth16_sigmoid_filex7369674        1117   1216.684   1710.384     2927.068 
    n_164_SIGMOID_GEN.SROM      Sig_ROM_inWidth10_dataWidth16_sigmoid_filex7369674        1117   1216.684   1710.384     2927.068 
    n_1_SIGMOID_GEN.SROM        Sig_ROM_inWidth10_dataWidth16_sigmoid_filex7369674        1117   1216.684   1710.384     2927.068 
    n_68_SIGMOID_GEN.SROM3      Sig_ROM_inWidth10_dataWidth16_sigmoid_filex7369674        1117   1216.684   1710.384     2927.068 
    n_68_SIGMOID_GEN.SROM11717  Sig_ROM_inWidth10_dataWidth16_sigmoid_filex7369674        1117   1216.684   1710.384     2927.068 
    n_84_SIGMOID_GEN.SROM4      Sig_ROM_inWidth10_dataWidth16_sigmoid_filex7369674        1117   1216.684   1710.384     2927.068 
    n_84_SIGMOID_GEN.SROM11718  Sig_ROM_inWidth10_dataWidth16_sigmoid_filex7369674        1117   1216.684   1710.384     2927.068 
    n_148_SIGMOID_GEN.SROM8     Sig_ROM_inWidth10_dataWidth16_sigmoid_filex7369674        1117   1216.684   1710.384     2927.068 
    n_148_SIGMOID_GEN.SROM11722 Sig_ROM_inWidth10_dataWidth16_sigmoid_filex7369674        1117   1216.684   1710.384     2927.068 
    n_164_SIGMOID_GEN.SROM9     Sig_ROM_inWidth10_dataWidth16_sigmoid_filex7369674        1117   1216.684   1710.384     2927.068 
    n_164_SIGMOID_GEN.SROM11723 Sig_ROM_inWidth10_dataWidth16_sigmoid_filex7369674        1117   1216.684   1710.384     2927.068 
    n_2_SIGMOID_GEN.SROM        Sig_ROM_inWidth10_dataWidth16_sigmoid_filex7369674        1117   1216.684   1710.384     2927.068 
    n_116_SIGMOID_GEN.SROM6     Sig_ROM_inWidth10_dataWidth16_sigmoid_filex7369674        1117   1216.684   1710.384     2927.068 
    n_116_SIGMOID_GEN.SROM11720 Sig_ROM_inWidth10_dataWidth16_sigmoid_filex7369674        1117   1216.684   1710.384     2927.068 
    n_132_SIGMOID_GEN.SROM      Sig_ROM_inWidth10_dataWidth16_sigmoid_filex7369674        1117   1216.684   1710.384     2927.068 
    n_132_SIGMOID_GEN.SROM7     Sig_ROM_inWidth10_dataWidth16_sigmoid_filex7369674        1117   1216.684   1710.384     2927.068 
    n_132_SIGMOID_GEN.SROM11721 Sig_ROM_inWidth10_dataWidth16_sigmoid_filex7369674        1117   1216.684   1710.384     2927.068 
  L2                            Layer_2_NN30_numWeight30_dataWidth16_layerNum2_sig       54910  84357.644  83596.889   167954.533 
    n_260_SIGMOID_GEN.SROM      Sig_ROM_inWidth10_dataWidth16_sigmoid_filex7369674        1117   1216.684   1710.384     2927.068 
    n_244_SIGMOID_GEN.SROM      Sig_ROM_inWidth10_dataWidth16_sigmoid_filex7369674        1117   1216.684   1710.384     2927.068 
    n_228_SIGMOID_GEN.SROM13    Sig_ROM_inWidth10_dataWidth16_sigmoid_filex7369674        1117   1216.684   1710.384     2927.068 
    n_228_SIGMOID_GEN.SROM      Sig_ROM_inWidth10_dataWidth16_sigmoid_filex7369674        1117   1216.684   1710.384     2927.068 
    n_212_SIGMOID_GEN.SROM12    Sig_ROM_inWidth10_dataWidth16_sigmoid_filex7369674        1117   1216.684   1710.384     2927.068 
    n_212_SIGMOID_GEN.SROM      Sig_ROM_inWidth10_dataWidth16_sigmoid_filex7369674        1117   1216.684   1710.384     2927.068 
    n_196_SIGMOID_GEN.SROM11    Sig_ROM_inWidth10_dataWidth16_sigmoid_filex7369674        1117   1216.684   1710.384     2927.068 
    n_180_SIGMOID_GEN.SROM10    Sig_ROM_inWidth10_dataWidth16_sigmoid_filex7369674        1117   1216.684   1710.384     2927.068 
    n_164_SIGMOID_GEN.SROM9     Sig_ROM_inWidth10_dataWidth16_sigmoid_filex7369674        1117   1216.684   1710.384     2927.068 
    n_148_SIGMOID_GEN.SROM8     Sig_ROM_inWidth10_dataWidth16_sigmoid_filex7369674        1117   1216.684   1710.384     2927.068 
    n_148_SIGMOID_GEN.SROM      Sig_ROM_inWidth10_dataWidth16_sigmoid_filex7369674        1117   1216.684   1710.384     2927.068 
    n_132_SIGMOID_GEN.SROM7     Sig_ROM_inWidth10_dataWidth16_sigmoid_filex7369674        1117   1216.684   1710.384     2927.068 
    n_132_SIGMOID_GEN.SROM      Sig_ROM_inWidth10_dataWidth16_sigmoid_filex7369674        1117   1216.684   1710.384     2927.068 
    n_116_SIGMOID_GEN.SROM6     Sig_ROM_inWidth10_dataWidth16_sigmoid_filex7369674        1117   1216.684   1710.384     2927.068 
    n_100_SIGMOID_GEN.SROM5     Sig_ROM_inWidth10_dataWidth16_sigmoid_filex7369674        1117   1216.684   1710.384     2927.068 
    n_100_SIGMOID_GEN.SROM      Sig_ROM_inWidth10_dataWidth16_sigmoid_filex7369674        1117   1216.684   1710.384     2927.068 
    n_84_SIGMOID_GEN.SROM4      Sig_ROM_inWidth10_dataWidth16_sigmoid_filex7369674        1117   1216.684   1710.384     2927.068 
    n_84_SIGMOID_GEN.SROM       Sig_ROM_inWidth10_dataWidth16_sigmoid_filex7369674        1117   1216.684   1710.384     2927.068 
    n_68_SIGMOID_GEN.SROM3      Sig_ROM_inWidth10_dataWidth16_sigmoid_filex7369674        1117   1216.684   1710.384     2927.068 
    n_68_SIGMOID_GEN.SROM       Sig_ROM_inWidth10_dataWidth16_sigmoid_filex7369674        1117   1216.684   1710.384     2927.068 
    n_52_SIGMOID_GEN.SROM2      Sig_ROM_inWidth10_dataWidth16_sigmoid_filex7369674        1117   1216.684   1710.384     2927.068 
    n_52_SIGMOID_GEN.SROM       Sig_ROM_inWidth10_dataWidth16_sigmoid_filex7369674        1117   1216.684   1710.384     2927.068 
    n_36_SIGMOID_GEN.SROM1      Sig_ROM_inWidth10_dataWidth16_sigmoid_filex7369674        1117   1216.684   1710.384     2927.068 
    n_36_SIGMOID_GEN.SROM       Sig_ROM_inWidth10_dataWidth16_sigmoid_filex7369674        1117   1216.684   1710.384     2927.068 
    n_0_SIGMOID_GEN.SROM        Sig_ROM_inWidth10_dataWidth16_sigmoid_filex7369674        1117   1216.684   1710.384     2927.068 
    n_196_SIGMOID_GEN.SROM      Sig_ROM_inWidth10_dataWidth16_sigmoid_filex7369674        1117   1216.684   1710.384     2927.068 
    n_180_SIGMOID_GEN.SROM      Sig_ROM_inWidth10_dataWidth16_sigmoid_filex7369674        1117   1216.684   1710.384     2927.068 
    n_164_SIGMOID_GEN.SROM      Sig_ROM_inWidth10_dataWidth16_sigmoid_filex7369674        1117   1216.684   1710.384     2927.068 
    n_116_SIGMOID_GEN.SROM      Sig_ROM_inWidth10_dataWidth16_sigmoid_filex7369674        1117   1216.684   1710.384     2927.068 
    n_1_SIGMOID_GEN.SROM        Sig_ROM_inWidth10_dataWidth16_sigmoid_filex7369674        1117   1216.684   1710.384     2927.068 
  L3_n_1_SIGMOID_GEN.SROM       Sig_ROM_inWidth10_dataWidth16_sigmoid_filex7369674        1125   1223.600   1722.781     2946.381 
  L3_n_5_SIGMOID_GEN.SROM       Sig_ROM_inWidth10_dataWidth16_sigmoid_filex7369674        1120   1224.398   1715.181     2939.579 
  L4_n_0_SIGMOID_GEN.SROM       Sig_ROM_inWidth10_dataWidth16_sigmoid_filex7369674        1115   1221.472   1709.553     2931.025 
  L4_n_7_SIGMOID_GEN.SROM       Sig_ROM_inWidth10_dataWidth16_sigmoid_filex7369674        1115   1221.472   1709.553     2931.025 
  L4_n_1_SIGMOID_GEN.SROM       Sig_ROM_inWidth10_dataWidth16_sigmoid_filex7369674        1115   1221.472   1709.553     2931.025 
  L4_n_9_SIGMOID_GEN.SROM       Sig_ROM_inWidth10_dataWidth16_sigmoid_filex7369674        1115   1221.472   1709.553     2931.025 
  L4_n_6_SIGMOID_GEN.SROM       Sig_ROM_inWidth10_dataWidth16_sigmoid_filex7369674        1115   1221.472   1709.553     2931.025 
  L4_n_8_SIGMOID_GEN.SROM       Sig_ROM_inWidth10_dataWidth16_sigmoid_filex7369674        1115   1221.472   1709.553     2931.025 
  L4_n_4_SIGMOID_GEN.SROM       Sig_ROM_inWidth10_dataWidth16_sigmoid_filex7369674        1115   1221.472   1709.553     2931.025 
  L4_n_3_SIGMOID_GEN.SROM       Sig_ROM_inWidth10_dataWidth16_sigmoid_filex7369674        1115   1221.472   1709.553     2931.025 
  L4_n_5_SIGMOID_GEN.SROM       Sig_ROM_inWidth10_dataWidth16_sigmoid_filex7369674        1115   1221.472   1709.553     2931.025 
  L3_n_9_SIGMOID_GEN.SROM       Sig_ROM_inWidth10_dataWidth16_sigmoid_filex7369674        1115   1221.472   1709.553     2931.025 
  L3_n_8_SIGMOID_GEN.SROM       Sig_ROM_inWidth10_dataWidth16_sigmoid_filex7369674        1115   1221.472   1709.553     2931.025 
  L3_n_7_SIGMOID_GEN.SROM       Sig_ROM_inWidth10_dataWidth16_sigmoid_filex7369674        1115   1221.472   1709.553     2931.025 
  L3_n_6_SIGMOID_GEN.SROM       Sig_ROM_inWidth10_dataWidth16_sigmoid_filex7369674        1115   1221.472   1709.553     2931.025 
  L3_n_4_SIGMOID_GEN.SROM       Sig_ROM_inWidth10_dataWidth16_sigmoid_filex7369674        1115   1221.472   1709.553     2931.025 
  L3_n_3_SIGMOID_GEN.SROM       Sig_ROM_inWidth10_dataWidth16_sigmoid_filex7369674        1115   1221.472   1709.553     2931.025 
  L3_n_2_SIGMOID_GEN.SROM       Sig_ROM_inWidth10_dataWidth16_sigmoid_filex7369674        1115   1221.472   1709.553     2931.025 
  L3_n_0_SIGMOID_GEN.SROM       Sig_ROM_inWidth10_dataWidth16_sigmoid_filex7369674        1115   1221.472   1709.553     2931.025 
  L4_n_2_SIGMOID_GEN.SROM       Sig_ROM_inWidth10_dataWidth16_sigmoid_filex7369674        1115   1221.472   1709.553     2931.025 
