###############################################################
#  Generated by:      Cadence Innovus 16.20-p002_1
#  OS:                Linux x86_64(Host ID joker.ece.northwestern.edu)
#  Generated on:      Sun Nov  9 01:16:54 2025
#  Design:            DNN
#  Command:           verify_drc
###############################################################

SPACING: ( ParallelRunLength Spacing ) Regular Wire of Net L2/CTS_438 & Blockage of Cell L2/n_116_sum_reg[4]1046  ( metal1 )
Bounds : ( 807.440, 1215.060 ) ( 807.455, 1215.200 )


SPACING: ( ParallelRunLength Spacing ) Regular Wire of Net L2/CTS_436 & Blockage of Cell L2/n_148_sum_reg[30]1232  ( metal1 )
Bounds : ( 842.400, 1216.320 ) ( 842.415, 1216.460 )


SPACING: ( ParallelRunLength Spacing ) Regular Wire of Net CTS_701 & Blockage of Cell holdData_2_reg[298]  ( metal1 )
Bounds : ( 876.410, 1234.660 ) ( 876.425, 1234.800 )


SPACING: ( ParallelRunLength Spacing ) Regular Wire of Net CTS_703 & Blockage of Cell holdData_2_reg[258]  ( metal1 )
Bounds : ( 903.390, 1231.860 ) ( 903.405, 1232.000 )


SHORT: ( Metal Short ) Regular Wire of Net CTS_675 & Blockage of Cell L2/n_244_sum_reg[30]  ( metal1 )
Bounds : ( 858.100, 1329.860 ) ( 858.135, 1330.000 )


SPACING: ( ParallelRunLength Spacing ) Regular Wire of Net CTS_671 & Blockage of Cell L2/n_244_SIGMOID_GEN.SROM/y_reg[0]  ( metal1 )
Bounds : ( 840.500, 1356.320 ) ( 840.515, 1356.460 )


SPACING: ( ParallelRunLength Spacing ) Regular Wire of Net CTS_675 & Blockage of Cell L2/n_244_sum_reg[30]  ( metal1 )
Bounds : ( 858.170, 1329.860 ) ( 858.215, 1330.000 )


SPACING: ( ParallelRunLength Spacing ) Regular Wire of Net CTS_773 & Blockage of Cell L4_n_3_mul_reg[11]  ( metal1 )
Bounds : ( 1254.320, 919.520 ) ( 1254.335, 919.660 )


SPACING: ( ParallelRunLength Spacing ) Regular Wire of Net CTS_782 & Blockage of Cell L4_n_3_mul_reg[7]  ( metal1 )
Bounds : ( 1248.620, 909.860 ) ( 1248.635, 910.000 )


SPACING: ( ParallelRunLength Spacing ) Regular Wire of Net CTS_775 & Blockage of Cell L4_n_3_mul_reg[5]  ( metal1 )
Bounds : ( 1244.060, 905.520 ) ( 1244.075, 905.660 )


SPACING: ( ParallelRunLength Spacing ) Regular Wire of Net CTS_774 & Blockage of Cell L4_n_2_mul_reg[26]  ( metal1 )
Bounds : ( 1226.200, 937.860 ) ( 1226.215, 938.000 )


SPACING: ( ParallelRunLength Spacing ) Regular Wire of Net CTS_774 & Blockage of Cell L4_n_9_mul_reg[28]  ( metal1 )
Bounds : ( 1222.970, 918.260 ) ( 1222.985, 918.400 )


SPACING: ( ParallelRunLength Spacing ) Regular Wire of Net CTS_774 & Blockage of Cell L4_n_8_WM_wout_reg[5]  ( metal1 )
Bounds : ( 1216.165, 933.415 ) ( 1216.215, 933.485 )


SPACING: ( ParallelRunLength Spacing ) Regular Wire of Net CTS_803 & Blockage of Cell L4_n_2_sum_reg[21]  ( metal1 )
Bounds : ( 1215.180, 949.060 ) ( 1215.225, 949.200 )


SHORT: ( Metal Short ) Regular Wire of Net CTS_782 & Blockage of Cell L4_n_3_sum_reg[8]  ( metal1 )
Bounds : ( 1253.680, 911.120 ) ( 1253.715, 911.260 )


SHORT: ( Metal Short ) Regular Wire of Net CTS_774 & Blockage of Cell L4_n_3_WM_wout_reg[3]  ( metal1 )
Bounds : ( 1218.400, 925.015 ) ( 1218.445, 925.085 )


SHORT: ( Metal Short ) Regular Wire of Net CTS_803 & Blockage of Cell L4_n_2_sum_reg[21]  ( metal1 )
Bounds : ( 1215.110, 949.060 ) ( 1215.145, 949.200 )


SPACING: ( ParallelRunLength Spacing ) Regular Wire of Net CTS_774 & Blockage of Cell L4_n_2_WM_wout_reg[14]  ( metal1 )
Bounds : ( 1204.575, 927.815 ) ( 1204.625, 927.885 )


SPACING: ( ParallelRunLength Spacing ) Regular Wire of Net CTS_782 & Blockage of Cell L4_n_3_sum_reg[8]  ( metal1 )
Bounds : ( 1253.750, 911.120 ) ( 1253.795, 911.260 )


SPACING: ( ParallelRunLength Spacing ) Regular Wire of Net CTS_773 & Blockage of Cell L4_n_9_sum_reg[27]  ( metal1 )
Bounds : ( 1268.570, 915.460 ) ( 1268.585, 915.600 )


SPACING: ( ParallelRunLength Spacing ) Regular Wire of Net CTS_802 & Blockage of Cell L4_n_3_sum_reg[24]  ( metal1 )
Bounds : ( 1271.420, 969.920 ) ( 1271.435, 970.060 )


SHORT: ( Metal Short ) Regular Wire of Net CTS_771 & Blockage of Cell CTS_ccl_BUF_s_axi_aclk_G0_L8_64  ( metal1 )
Bounds : ( 1340.355, 902.755 ) ( 1340.425, 902.825 )


SHORT: ( Metal Short ) Regular Wire of Net CTS_765 & Blockage of Cell mFind_inDataBuffer_reg[83]  ( metal1 )
Bounds : ( 1344.005, 905.415 ) ( 1344.035, 905.485 )


SPACING: ( ParallelRunLength Spacing ) Regular Wire of Net CTS_771 & Pin of Cell CTS_ccl_BUF_s_axi_aclk_G0_L8_64  ( metal1 )
Bounds : ( 1340.260, 902.755 ) ( 1340.285, 902.825 )


SPACING: ( ParallelRunLength Spacing ) Regular Wire of Net CTS_767 & Pin of Cell CTS_ccl_BUF_s_axi_aclk_G0_L8_64  ( metal1 )
Bounds : ( 1340.700, 902.395 ) ( 1340.745, 902.440 )


SPACING: ( ParallelRunLength Spacing ) Regular Wire of Net CTS_768 & Blockage of Cell L4_n_2_SIGMOID_GEN.SROM/y_reg[5]  ( metal1 )
Bounds : ( 1355.210, 937.860 ) ( 1355.245, 938.000 )


SHORT: ( Metal Short ) Regular Wire of Net CTS_797 & Blockage of Cell L4_n_8_sum_reg[19]  ( metal1 )
Bounds : ( 1234.490, 981.120 ) ( 1234.525, 981.260 )


SPACING: ( ParallelRunLength Spacing ) Regular Wire of Net CTS_797 & Blockage of Cell L4_n_8_sum_reg[18]  ( metal1 )
Bounds : ( 1231.330, 981.120 ) ( 1231.345, 981.260 )


SPACING: ( ParallelRunLength Spacing ) Regular Wire of Net CTS_797 & Blockage of Cell L4_n_8_sum_reg[19]  ( metal1 )
Bounds : ( 1234.560, 981.120 ) ( 1234.605, 981.260 )


SPACING: ( ParallelRunLength Spacing ) Regular Wire of Net CTS_800 & Blockage of Cell L4_n_5_sum_reg[26]  ( metal1 )
Bounds : ( 1265.910, 996.660 ) ( 1265.925, 996.800 )


SPACING: ( ParallelRunLength Spacing ) Regular Wire of Net CTS_802 & Blockage of Cell L4_n_3_mul_reg[31]  ( metal1 )
Bounds : ( 1273.130, 972.720 ) ( 1273.145, 972.860 )


SPACING: ( ParallelRunLength Spacing ) Regular Wire of Net CTS_775 & Blockage of Cell L4_n_6_mul_reg[14]  ( metal1 )
Bounds : ( 1247.670, 893.060 ) ( 1247.685, 893.200 )


SPACING: ( ParallelRunLength Spacing ) Regular Wire of Net CTS_752 & Blockage of Cell mFind_inDataBuffer_reg[156]  ( metal1 )
Bounds : ( 1363.035, 884.835 ) ( 1363.085, 884.905 )


SPACING: ( ParallelRunLength Spacing ) Regular Wire of Net CTS_752 & Blockage of Cell mFind_inDataBuffer_reg[103]  ( metal1 )
Bounds : ( 1358.285, 871.815 ) ( 1358.335, 871.885 )


SPACING: ( ParallelRunLength Spacing ) Regular Wire of Net CTS_767 & Blockage of Cell mFind_maxValue_reg[6]  ( metal1 )
Bounds : ( 1343.050, 879.060 ) ( 1343.095, 879.200 )


SHORT: ( Metal Short ) Regular Wire of Net CTS_767 & Blockage of Cell mFind_maxValue_reg[6]  ( metal1 )
Bounds : ( 1342.980, 879.060 ) ( 1343.015, 879.200 )


SPACING: ( ParallelRunLength Spacing ) Regular Wire of Net CTS_788 & Blockage of Cell L4_n_1_sum_reg[22]  ( metal1 )
Bounds : ( 1281.870, 818.720 ) ( 1281.885, 818.860 )


SPACING: ( ParallelRunLength Spacing ) Regular Wire of Net CTS_791 & Blockage of Cell L4_n_6_sum_reg[26]  ( metal1 )
Bounds : ( 1278.450, 851.060 ) ( 1278.495, 851.200 )


SPACING: ( ParallelRunLength Spacing ) Regular Wire of Net CTS_789 & Blockage of Cell L4_n_0_sum_reg[24]  ( metal1 )
Bounds : ( 1276.550, 831.460 ) ( 1276.565, 831.600 )


SPACING: ( ParallelRunLength Spacing ) Regular Wire of Net CTS_775 & Blockage of Cell L4_n_4_SIGMOID_GEN.SROM/y_reg[2]  ( metal1 )
Bounds : ( 1263.630, 890.260 ) ( 1263.645, 890.400 )


SPACING: ( ParallelRunLength Spacing ) Regular Wire of Net CTS_791 & Blockage of Cell L4_n_0_mul_reg[31]  ( metal1 )
Bounds : ( 1263.060, 845.460 ) ( 1263.075, 845.600 )


SPACING: ( ParallelRunLength Spacing ) Regular Wire of Net CTS_792 & Pin of Cell CTS_ccl_BUF_s_axi_aclk_G0_L8_80  ( metal1 )
Bounds : ( 1253.240, 813.155 ) ( 1253.265, 813.225 )


SPACING: ( ParallelRunLength Spacing ) Regular Wire of Net CTS_779 & Blockage of Cell L4_n_6_sum_reg[8]  ( metal1 )
Bounds : ( 1229.240, 852.320 ) ( 1229.255, 852.460 )


SPACING: ( ParallelRunLength Spacing ) Regular Wire of Net CTS_777 & Blockage of Cell L4_n_6_WM_wout_reg[4]  ( metal1 )
Bounds : ( 1215.215, 882.035 ) ( 1215.265, 882.105 )


SHORT: ( Metal Short ) Regular Wire of Net CTS_791 & Blockage of Cell L4_n_6_sum_reg[26]  ( metal1 )
Bounds : ( 1278.380, 851.060 ) ( 1278.415, 851.200 )


SHORT: ( Metal Short ) Regular Wire of Net CTS_785 & Pin of Cell CTS_ccl_BUF_s_axi_aclk_G0_L8_80  ( metal1 )
Bounds : ( 1253.680, 813.540 ) ( 1253.725, 813.680 )


SHORT: ( Metal Short ) Regular Wire of Net CTS_792 & Blockage of Cell CTS_ccl_BUF_s_axi_aclk_G0_L8_80  ( metal1 )
Bounds : ( 1253.335, 813.155 ) ( 1253.405, 813.225 )


SHORT: ( Metal Short ) Regular Wire of Net CTS_772 & Blockage of Cell L4_n_1_WM_wout_reg[9]  ( metal1 )
Bounds : ( 1215.375, 854.035 ) ( 1215.405, 854.105 )


SHORT: ( Metal Short ) Regular Wire of Net CTS_772 & Blockage of Cell L4_n_7_WM_wout_reg[13]  ( metal1 )
Bounds : ( 1213.475, 851.235 ) ( 1213.505, 851.305 )


SPACING: ( ParallelRunLength Spacing ) Regular Wire of Net CTS_785 & Blockage of Cell L4_n_7_SIGMOID_GEN.SROM/y_reg[9]  ( metal1 )
Bounds : ( 1270.090, 803.460 ) ( 1270.125, 803.600 )


SPACING: ( ParallelRunLength Spacing ) Regular Wire of Net CTS_751 & Blockage of Cell mFind_maxValue_reg[10]  ( metal1 )
Bounds : ( 1349.425, 866.320 ) ( 1349.440, 866.460 )


SPACING: ( ParallelRunLength Spacing ) Regular Wire of Net CTS_775 & Blockage of Cell L4_n_4_SIGMOID_GEN.SROM/y_reg[5]  ( metal1 )
Bounds : ( 1260.590, 893.060 ) ( 1260.625, 893.200 )


SHORT: ( Metal Short ) Regular Wire of Net CTS_770 & Blockage of Cell mFind_inDataBuffer_reg[99]  ( metal1 )
Bounds : ( 1357.115, 898.835 ) ( 1357.145, 898.905 )


SPACING: ( ParallelRunLength Spacing ) Regular Wire of Net CTS_770 & Blockage of Cell mFind_inDataBuffer_reg[148]  ( metal1 )
Bounds : ( 1359.425, 891.415 ) ( 1359.475, 891.485 )


SPACING: ( ParallelRunLength Spacing ) Regular Wire of Net L2/CTS_435 & Blockage of Cell L2/n_116_mul_reg[23]944  ( metal1 )
Bounds : ( 825.870, 1187.060 ) ( 825.885, 1187.200 )


SHORT: ( Metal Short ) Regular Wire of Net CTS_681 & Blockage of Cell holdData_2_reg[203]  ( metal1 )
Bounds : ( 910.920, 1103.060 ) ( 910.955, 1103.200 )


SPACING: ( ParallelRunLength Spacing ) Regular Wire of Net CTS_681 & Blockage of Cell holdData_2_reg[203]  ( metal1 )
Bounds : ( 910.990, 1103.060 ) ( 911.035, 1103.200 )


SHORT: ( Metal Short ) Regular Wire of Net L2/CTS_435 & Blockage of Cell L2/n_116_sum_reg[20]1023  ( metal1 )
Bounds : ( 824.660, 1199.520 ) ( 824.695, 1199.660 )


SHORT: ( Metal Short ) Regular Wire of Net L2/CTS_435 & Blockage of Cell L2/n_116_sum_reg[24]1008  ( metal1 )
Bounds : ( 829.030, 1187.060 ) ( 829.065, 1187.200 )


SPACING: ( ParallelRunLength Spacing ) Regular Wire of Net L2/CTS_435 & Blockage of Cell L2/n_116_sum_reg[20]1023  ( metal1 )
Bounds : ( 824.730, 1199.520 ) ( 824.775, 1199.660 )


SPACING: ( ParallelRunLength Spacing ) Regular Wire of Net L2/CTS_435 & Blockage of Cell L2/n_116_sum_reg[24]1008  ( metal1 )
Bounds : ( 829.100, 1187.060 ) ( 829.145, 1187.200 )


SPACING: ( ParallelRunLength Spacing ) Regular Wire of Net L2/CTS_407 & Blockage of Cell L2/n_132_mul_reg[27]1089  ( metal1 )
Bounds : ( 829.290, 1167.460 ) ( 829.305, 1167.600 )


SPACING: ( ParallelRunLength Spacing ) Regular Wire of Net L2/CTS_437 & Blockage of Cell L2/n_100_mul_reg[28]802  ( metal1 )
Bounds : ( 832.520, 1167.460 ) ( 832.535, 1167.600 )


SPACING: ( ParallelRunLength Spacing ) Regular Wire of Net L2/CTS_503 & Blockage of Cell L2/n_116_sum_reg[26]  ( metal1 )
Bounds : ( 821.690, 1013.460 ) ( 821.705, 1013.600 )


SPACING: ( ParallelRunLength Spacing ) Regular Wire of Net L2/CTS_503 & Blockage of Cell L2/n_116_sum_reg[25]  ( metal1 )
Bounds : ( 820.550, 1006.320 ) ( 820.595, 1006.460 )


SPACING: ( ParallelRunLength Spacing ) Regular Wire of Net L2/CTS_499 & Blockage of Cell L2/n_148_sum_reg[20]  ( metal1 )
Bounds : ( 811.430, 1052.660 ) ( 811.475, 1052.800 )


SHORT: ( Metal Short ) Regular Wire of Net L2/CTS_503 & Blockage of Cell L2/n_116_sum_reg[25]  ( metal1 )
Bounds : ( 820.480, 1006.320 ) ( 820.515, 1006.460 )


SHORT: ( Metal Short ) Regular Wire of Net L2/CTS_499 & Blockage of Cell L2/n_148_sum_reg[20]  ( metal1 )
Bounds : ( 811.360, 1052.660 ) ( 811.395, 1052.800 )


SPACING: ( ParallelRunLength Spacing ) Regular Wire of Net L2/CTS_504 & Blockage of Cell L2/n_84_sum_reg[16]  ( metal1 )
Bounds : ( 801.360, 1002.260 ) ( 801.375, 1002.400 )


SPACING: ( ParallelRunLength Spacing ) Regular Wire of Net L2/CTS_500 & Blockage of Cell L2/n_148_mul_reg[28]  ( metal1 )
Bounds : ( 827.770, 1049.860 ) ( 827.785, 1050.000 )


SPACING: ( ParallelRunLength Spacing ) Regular Wire of Net L2/CTS_500 & Blockage of Cell L2/n_132_sum_reg[26]  ( metal1 )
Bounds : ( 830.050, 1052.660 ) ( 830.065, 1052.800 )


SPACING: ( ParallelRunLength Spacing ) Regular Wire of Net L2/CTS_506 & Blockage of Cell L2/n_36_sum_reg[27]201  ( metal1 )
Bounds : ( 832.710, 1021.860 ) ( 832.725, 1022.000 )


SPACING: ( ParallelRunLength Spacing ) Regular Wire of Net L2/CTS_506 & Blockage of Cell L2/n_84_mul_reg[29]  ( metal1 )
Bounds : ( 837.460, 1002.260 ) ( 837.475, 1002.400 )


SPACING: ( ParallelRunLength Spacing ) Regular Wire of Net L2/CTS_506 & Blockage of Cell L2/n_100_SIGMOID_GEN.SROM/y_reg[5]  ( metal1 )
Bounds : ( 848.860, 1007.860 ) ( 848.895, 1008.000 )


SPACING: ( ParallelRunLength Spacing ) Regular Wire of Net L2/CTS_506 & Blockage of Cell L2/n_84_sum_reg[27]702  ( metal1 )
Bounds : ( 851.710, 1010.660 ) ( 851.725, 1010.800 )


SHORT: ( Metal Short ) Regular Wire of Net CTS_685 & Blockage of Cell holdData_2_reg[150]  ( metal1 )
Bounds : ( 910.730, 1002.260 ) ( 910.765, 1002.400 )


SHORT: ( Metal Short ) Regular Wire of Net CTS_688 & Blockage of Cell holdData_2_reg[188]  ( metal1 )
Bounds : ( 913.960, 1002.260 ) ( 913.995, 1002.400 )


SHORT: ( Metal Short ) Regular Wire of Net CTS_688 & Blockage of Cell holdData_2_reg[153]  ( metal1 )
Bounds : ( 917.190, 1002.260 ) ( 917.225, 1002.400 )


SPACING: ( ParallelRunLength Spacing ) Regular Wire of Net CTS_689 & Blockage of Cell holdData_2_reg[160]  ( metal1 )
Bounds : ( 897.120, 1011.920 ) ( 897.135, 1012.060 )


SPACING: ( ParallelRunLength Spacing ) Regular Wire of Net CTS_682 & Blockage of Cell holdData_2_reg[182]  ( metal1 )
Bounds : ( 897.690, 1051.120 ) ( 897.705, 1051.260 )


SPACING: ( ParallelRunLength Spacing ) Regular Wire of Net CTS_689 & Blockage of Cell holdData_2_reg[165]  ( metal1 )
Bounds : ( 901.110, 1020.320 ) ( 901.125, 1020.460 )


SPACING: ( ParallelRunLength Spacing ) Regular Wire of Net CTS_685 & Blockage of Cell holdData_2_reg[150]  ( metal1 )
Bounds : ( 910.800, 1002.260 ) ( 910.845, 1002.400 )


SPACING: ( ParallelRunLength Spacing ) Regular Wire of Net CTS_688 & Blockage of Cell holdData_2_reg[188]  ( metal1 )
Bounds : ( 914.030, 1002.260 ) ( 914.075, 1002.400 )


SPACING: ( ParallelRunLength Spacing ) Regular Wire of Net CTS_688 & Blockage of Cell holdData_2_reg[153]  ( metal1 )
Bounds : ( 917.260, 1002.260 ) ( 917.305, 1002.400 )


SHORT: ( Metal Short ) Regular Wire of Net L2/CTS_497 & Blockage of Cell L2/n_52_sum_reg[21]403  ( metal1 )
Bounds : ( 816.300, 1062.320 ) ( 816.335, 1062.460 )


SPACING: ( ParallelRunLength Spacing ) Regular Wire of Net L2/CTS_499 & Blockage of Cell L2/n_52_mul_reg[21]326  ( metal1 )
Bounds : ( 810.290, 1070.720 ) ( 810.305, 1070.860 )


SPACING: ( ParallelRunLength Spacing ) Regular Wire of Net L2/CTS_497 & Blockage of Cell L2/n_52_sum_reg[21]403  ( metal1 )
Bounds : ( 816.370, 1062.320 ) ( 816.415, 1062.460 )


SPACING: ( ParallelRunLength Spacing ) Regular Wire of Net L2/CTS_497 & Blockage of Cell L2/n_132_sum_reg[30]  ( metal1 )
Bounds : ( 829.670, 1069.460 ) ( 829.685, 1069.600 )


SPACING: ( ParallelRunLength Spacing ) Regular Wire of Net CTS_799 & Blockage of Cell L4_n_8_mul_reg[9]  ( metal1 )
Bounds : ( 1177.370, 977.060 ) ( 1177.415, 977.200 )


SHORT: ( Metal Short ) Regular Wire of Net CTS_799 & Blockage of Cell L4_n_8_mul_reg[12]  ( metal1 )
Bounds : ( 1184.900, 982.660 ) ( 1184.935, 982.800 )


SHORT: ( Metal Short ) Regular Wire of Net CTS_799 & Blockage of Cell L4_n_8_mul_reg[9]  ( metal1 )
Bounds : ( 1177.300, 977.060 ) ( 1177.335, 977.200 )


SPACING: ( ParallelRunLength Spacing ) Regular Wire of Net CTS_754 & Blockage of Cell L4_n_7_sum_reg[11]  ( metal1 )
Bounds : ( 1186.490, 800.660 ) ( 1186.535, 800.800 )


SHORT: ( Metal Short ) Regular Wire of Net CTS_754 & Blockage of Cell L4_n_7_sum_reg[11]  ( metal1 )
Bounds : ( 1186.420, 800.660 ) ( 1186.455, 800.800 )


SHORT: ( Metal Short ) Regular Wire of Net CTS_756 & Blockage of Cell L4_n_7_mul_reg[3]  ( metal1 )
Bounds : ( 1182.240, 824.320 ) ( 1182.275, 824.460 )


SPACING: ( ParallelRunLength Spacing ) Regular Wire of Net CTS_763 & Blockage of Cell L4_n_4_mul_reg[12]  ( metal1 )
Bounds : ( 1146.020, 863.520 ) ( 1146.035, 863.660 )


SPACING: ( ParallelRunLength Spacing ) Regular Wire of Net CTS_756 & Blockage of Cell L4_n_7_mul_reg[3]  ( metal1 )
Bounds : ( 1182.310, 824.320 ) ( 1182.355, 824.460 )


SPACING: ( ParallelRunLength Spacing ) Regular Wire of Net CTS_756 & Blockage of Cell L4_n_7_sum_reg[8]  ( metal1 )
Bounds : ( 1183.450, 811.860 ) ( 1183.465, 812.000 )


SPACING: ( ParallelRunLength Spacing ) Regular Wire of Net CTS_756 & Blockage of Cell L4_n_0_mul_reg[23]  ( metal1 )
Bounds : ( 1184.210, 825.860 ) ( 1184.225, 826.000 )


SPACING: ( ParallelRunLength Spacing ) Regular Wire of Net CTS_776 & Blockage of Cell L4_n_4_WM_wout_reg[4]  ( metal1 )
Bounds : ( 1186.145, 876.435 ) ( 1186.195, 876.505 )


SPACING: ( ParallelRunLength Spacing ) Regular Wire of Net CTS_759 & Blockage of Cell L4_n_0_mul_reg[25]  ( metal1 )
Bounds : ( 1189.720, 838.320 ) ( 1189.735, 838.460 )


SPACING: ( ParallelRunLength Spacing ) Regular Wire of Net CTS_780 & Blockage of Cell L4_n_0_muxValid_d_reg  ( metal1 )
Bounds : ( 1201.500, 863.520 ) ( 1201.515, 863.660 )


SPACING: ( ParallelRunLength Spacing ) Regular Wire of Net CTS_760 & Blockage of Cell L4_n_9_sum_reg[7]  ( metal1 )
Bounds : ( 1133.860, 904.260 ) ( 1133.875, 904.400 )


SHORT: ( Metal Short ) Regular Wire of Net CTS_762 & Blockage of Cell L4_n_2_mul_reg[5]  ( metal1 )
Bounds : ( 1146.140, 933.520 ) ( 1146.175, 933.660 )


SPACING: ( ParallelRunLength Spacing ) Regular Wire of Net CTS_762 & Blockage of Cell L4_n_2_mul_reg[5]  ( metal1 )
Bounds : ( 1146.210, 933.520 ) ( 1146.255, 933.660 )


SPACING: ( ParallelRunLength Spacing ) Regular Wire of Net CTS_778 & Blockage of Cell L4_n_2_WM_wout_reg[12]  ( metal1 )
Bounds : ( 1195.835, 929.635 ) ( 1195.885, 929.705 )


SPACING: ( ParallelRunLength Spacing ) Regular Wire of Net CTS_776 & Blockage of Cell L4_n_9_sum_reg[18]  ( metal1 )
Bounds : ( 1198.650, 891.520 ) ( 1198.665, 891.660 )


SPACING: ( ParallelRunLength Spacing ) Regular Wire of Net CTS_799 & Blockage of Cell L4_n_8_mul_reg[12]  ( metal1 )
Bounds : ( 1184.970, 982.660 ) ( 1185.015, 982.800 )


SPACING: ( ParallelRunLength Spacing ) Regular Wire of Net CTS_687 & Blockage of Cell holdData_2_reg[118]  ( metal1 )
Bounds : ( 918.780, 974.260 ) ( 918.825, 974.400 )


SHORT: ( Metal Short ) Regular Wire of Net CTS_687 & Blockage of Cell holdData_2_reg[118]  ( metal1 )
Bounds : ( 918.710, 974.260 ) ( 918.745, 974.400 )


SPACING: ( ParallelRunLength Spacing ) Regular Wire of Net L2/CTS_503 & Blockage of Cell L2/n_84_sum_reg[25]  ( metal1 )
Bounds : ( 829.670, 999.460 ) ( 829.685, 999.600 )


SPACING: ( ParallelRunLength Spacing ) Regular Wire of Net L2/CTS_392 & Blockage of Cell L2/n_1_sum_reg[27]  ( metal1 )
Bounds : ( 806.870, 876.260 ) ( 806.885, 876.400 )


SHORT: ( Metal Short ) Regular Wire of Net CTS_664 & Blockage of Cell L2/n_1_SIGMOID_GEN.SROM/y_reg[8]  ( metal1 )
Bounds : ( 907.725, 832.720 ) ( 907.760, 832.860 )


SPACING: ( ParallelRunLength Spacing ) Regular Wire of Net CTS_664 & Blockage of Cell L2/n_1_SIGMOID_GEN.SROM/y_reg[8]  ( metal1 )
Bounds : ( 907.645, 832.720 ) ( 907.690, 832.860 )


SPACING: ( ParallelRunLength Spacing ) Regular Wire of Net L2/n_0_SIGMOID_GEN.SROM/CTS_4 & Blockage of Cell L2/n_0_SIGMOID_GEN.SROM/y_reg[5]  ( metal1 )
Bounds : ( 942.910, 888.720 ) ( 942.945, 888.860 )


SPACING: ( ParallelRunLength Spacing ) Regular Wire of Net L2/CTS_399 & Blockage of Cell L2/n_68_mul_reg[16]  ( metal1 )
Bounds : ( 802.500, 927.920 ) ( 802.515, 928.060 )


SPACING: ( ParallelRunLength Spacing ) Regular Wire of Net L2/CTS_396 & Blockage of Cell L2/n_68_mul_reg[19]  ( metal1 )
Bounds : ( 812.380, 933.520 ) ( 812.395, 933.660 )


SPACING: ( ParallelRunLength Spacing ) Regular Wire of Net L2/CTS_396 & Blockage of Cell L2/n_68_mul_reg[22]  ( metal1 )
Bounds : ( 821.690, 946.260 ) ( 821.705, 946.400 )


SPACING: ( ParallelRunLength Spacing ) Regular Wire of Net L2/CTS_504 & Blockage of Cell L2/n_84_mul_reg[16]  ( metal1 )
Bounds : ( 801.170, 997.920 ) ( 801.185, 998.060 )


SPACING: ( ParallelRunLength Spacing ) Regular Wire of Net L2/CTS_503 & Blockage of Cell L2/n_84_mul_reg[23]  ( metal1 )
Bounds : ( 824.920, 992.320 ) ( 824.935, 992.460 )


SHORT: ( Metal Short ) Regular Wire of Net CTS_694 & Blockage of Cell holdData_2_reg[407]  ( metal1 )
Bounds : ( 668.860, 1361.920 ) ( 668.895, 1362.060 )


SHORT: ( Metal Short ) Regular Wire of Net CTS_698 & Blockage of Cell holdData_2_reg[427]  ( metal1 )
Bounds : ( 691.470, 1366.260 ) ( 691.505, 1366.400 )


SPACING: ( ParallelRunLength Spacing ) Regular Wire of Net CTS_694 & Blockage of Cell holdData_2_reg[393]  ( metal1 )
Bounds : ( 651.830, 1367.520 ) ( 651.845, 1367.660 )


SPACING: ( ParallelRunLength Spacing ) Regular Wire of Net CTS_694 & Blockage of Cell holdData_2_reg[386]  ( metal1 )
Bounds : ( 660.760, 1359.120 ) ( 660.775, 1359.260 )


SPACING: ( ParallelRunLength Spacing ) Regular Wire of Net CTS_694 & Blockage of Cell holdData_2_reg[389]  ( metal1 )
Bounds : ( 665.320, 1367.520 ) ( 665.335, 1367.660 )


SPACING: ( ParallelRunLength Spacing ) Regular Wire of Net CTS_694 & Blockage of Cell holdData_2_reg[407]  ( metal1 )
Bounds : ( 668.930, 1361.920 ) ( 668.975, 1362.060 )


SPACING: ( ParallelRunLength Spacing ) Regular Wire of Net CTS_698 & Blockage of Cell holdData_2_reg[378]  ( metal1 )
Bounds : ( 686.030, 1367.520 ) ( 686.045, 1367.660 )


SPACING: ( ParallelRunLength Spacing ) Regular Wire of Net CTS_698 & Blockage of Cell holdData_2_reg[427]  ( metal1 )
Bounds : ( 691.540, 1366.260 ) ( 691.585, 1366.400 )


SPACING: ( ParallelRunLength Spacing ) Regular Wire of Net L2/CTS_424 & Blockage of Cell L2/n_196_sum_reg[24]1699  ( metal1 )
Bounds : ( 721.370, 1300.320 ) ( 721.385, 1300.460 )


SHORT: ( Metal Short ) Regular Wire of Net CTS_672 & Blockage of Cell L2/n_180_sum_reg[17]1457  ( metal1 )
Bounds : ( 765.380, 1304.660 ) ( 765.415, 1304.800 )


SPACING: ( ParallelRunLength Spacing ) Regular Wire of Net CTS_672 & Blockage of Cell L2/n_180_sum_reg[17]1457  ( metal1 )
Bounds : ( 765.450, 1304.660 ) ( 765.495, 1304.800 )


SPACING: ( ParallelRunLength Spacing ) Regular Wire of Net CTS_674 & Blockage of Cell L2/n_228_mul_reg[29]1905  ( metal1 )
Bounds : ( 773.430, 1318.660 ) ( 773.445, 1318.800 )


SPACING: ( ParallelRunLength Spacing ) Regular Wire of Net CTS_674 & Blockage of Cell L2/n_228_mul_reg[30]1873  ( metal1 )
Bounds : ( 774.190, 1322.720 ) ( 774.205, 1322.860 )


SPACING: ( ParallelRunLength Spacing ) Regular Wire of Net CTS_674 & Blockage of Cell L2/n_164_SIGMOID_GEN.SROM9/y_reg[7]  ( metal1 )
Bounds : ( 780.650, 1318.660 ) ( 780.665, 1318.800 )


SPACING: ( ParallelRunLength Spacing ) Regular Wire of Net CTS_705 & Blockage of Cell holdData_2_reg[321]  ( metal1 )
Bounds : ( 782.740, 1307.460 ) ( 782.755, 1307.600 )


SPACING: ( ParallelRunLength Spacing ) Regular Wire of Net CTS_677 & Blockage of Cell L2/n_228_SIGMOID_GEN.SROM13/y_reg[5]  ( metal1 )
Bounds : ( 796.610, 1361.920 ) ( 796.645, 1362.060 )


SHORT: ( Metal Short ) Regular Wire of Net CTS_672 & Blockage of Cell L2/n_180_mul_reg[18]1493  ( metal1 )
Bounds : ( 759.870, 1299.060 ) ( 759.905, 1299.200 )


SPACING: ( ParallelRunLength Spacing ) Regular Wire of Net L2/CTS_424 & Blockage of Cell L2/n_196_mul_reg[26]1632  ( metal1 )
Bounds : ( 727.070, 1297.520 ) ( 727.085, 1297.660 )


SHORT: ( Metal Short ) Regular Wire of Net L2/CTS_443 & Blockage of Cell L2/n_244_mul_reg[13]  ( metal1 )
Bounds : ( 721.300, 1259.860 ) ( 721.335, 1260.000 )


SHORT: ( Metal Short ) Regular Wire of Net L2/CTS_440 & Blockage of Cell L2/n_244_mul_reg[14]  ( metal1 )
Bounds : ( 721.300, 1268.260 ) ( 721.335, 1268.400 )


SHORT: ( Metal Short ) Regular Wire of Net L2/CTS_443 & Blockage of Cell L2/n_244_mul_reg[11]  ( metal1 )
Bounds : ( 723.960, 1251.460 ) ( 723.995, 1251.600 )


SPACING: ( ParallelRunLength Spacing ) Regular Wire of Net L2/CTS_440 & Blockage of Cell L2/n_196_mul_reg[18]1640  ( metal1 )
Bounds : ( 715.100, 1271.060 ) ( 715.115, 1271.200 )


SPACING: ( ParallelRunLength Spacing ) Regular Wire of Net L2/CTS_443 & Blockage of Cell L2/n_244_mul_reg[13]  ( metal1 )
Bounds : ( 721.370, 1259.860 ) ( 721.415, 1260.000 )


SPACING: ( ParallelRunLength Spacing ) Regular Wire of Net L2/CTS_440 & Blockage of Cell L2/n_244_mul_reg[14]  ( metal1 )
Bounds : ( 721.370, 1268.260 ) ( 721.415, 1268.400 )


SPACING: ( ParallelRunLength Spacing ) Regular Wire of Net L2/CTS_440 & Blockage of Cell L2/n_244_sum_reg[17]  ( metal1 )
Bounds : ( 721.560, 1290.660 ) ( 721.575, 1290.800 )


SPACING: ( ParallelRunLength Spacing ) Regular Wire of Net L2/CTS_443 & Blockage of Cell L2/n_244_mul_reg[11]  ( metal1 )
Bounds : ( 724.030, 1251.460 ) ( 724.075, 1251.600 )


SHORT: ( Metal Short ) Regular Wire of Net L2/CTS_439 & Blockage of Cell L2/n_180_WM_wout_reg[11]1468  ( metal1 )
Bounds : ( 765.250, 1255.415 ) ( 765.295, 1255.485 )


SPACING: ( ParallelRunLength Spacing ) Regular Wire of Net CTS_672 & Blockage of Cell L2/n_180_mul_reg[18]1493  ( metal1 )
Bounds : ( 759.940, 1299.060 ) ( 759.985, 1299.200 )


SPACING: ( ParallelRunLength Spacing ) Regular Wire of Net L2/CTS_442 & Blockage of Cell L2/n_260_sum_reg[6]  ( metal1 )
Bounds : ( 790.720, 1216.320 ) ( 790.765, 1216.460 )


SPACING: ( ParallelRunLength Spacing ) Regular Wire of Net L2/CTS_442 & Pin of Cell L2/CTS_ccl_BUF_s_axi_aclk_G0_L9_59  ( metal1 )
Bounds : ( 783.620, 1224.395 ) ( 783.665, 1224.440 )


SPACING: ( ParallelRunLength Spacing ) Regular Wire of Net L2/CTS_439 & Blockage of Cell L2/n_180_sum_reg[9]1585  ( metal1 )
Bounds : ( 764.120, 1243.060 ) ( 764.135, 1243.200 )


SPACING: ( ParallelRunLength Spacing ) Regular Wire of Net L2/CTS_444 & Blockage of Cell L2/n_180_SIGMOID_GEN.SROM/y_reg[5]  ( metal1 )
Bounds : ( 760.130, 1210.720 ) ( 760.165, 1210.860 )


SPACING: ( ParallelRunLength Spacing ) Regular Wire of Net L2/CTS_442 & Blockage of Cell L2/n_116_mul_reg[8]959  ( metal1 )
Bounds : ( 796.990, 1209.460 ) ( 797.005, 1209.600 )


SPACING: ( ParallelRunLength Spacing ) Regular Wire of Net L2/CTS_442 & Blockage of Cell L2/n_116_mul_reg[4]963  ( metal1 )
Bounds : ( 797.180, 1210.720 ) ( 797.195, 1210.860 )


SHORT: ( Metal Short ) Regular Wire of Net L2/CTS_443 & Blockage of Cell L2/n_196_sum_reg[13]1721  ( metal1 )
Bounds : ( 718.640, 1244.320 ) ( 718.675, 1244.460 )


SPACING: ( ParallelRunLength Spacing ) Regular Wire of Net L2/CTS_441 & Blockage of Cell L2/n_244_sum_reg[0]  ( metal1 )
Bounds : ( 717.000, 1226.260 ) ( 717.015, 1226.400 )


SPACING: ( ParallelRunLength Spacing ) Regular Wire of Net L2/CTS_443 & Blockage of Cell L2/n_196_sum_reg[13]1721  ( metal1 )
Bounds : ( 718.710, 1244.320 ) ( 718.755, 1244.460 )


SHORT: ( Metal Short ) Regular Wire of Net L2/CTS_445 & Blockage of Cell L2/n_244_mul_reg[5]  ( metal1 )
Bounds : ( 732.130, 1229.060 ) ( 732.165, 1229.200 )


SHORT: ( Metal Short ) Regular Wire of Net L2/CTS_445 & Blockage of Cell L2/n_244_sum_reg[6]  ( metal1 )
Bounds : ( 732.890, 1226.260 ) ( 732.925, 1226.400 )


SHORT: ( Metal Short ) Regular Wire of Net L2/CTS_443 & Blockage of Cell L2/n_180_WM_wout_reg[7]1473  ( metal1 )
Bounds : ( 743.780, 1246.035 ) ( 743.825, 1246.105 )


SHORT: ( Metal Short ) Regular Wire of Net CTS_706 & Blockage of Cell L2/CTS_ccl_BUF_s_axi_aclk_G0_L9_59  ( metal1 )
Bounds : ( 783.275, 1224.755 ) ( 783.345, 1224.825 )


SHORT: ( Metal Short ) Regular Wire of Net L2/CTS_442 & Blockage of Cell L2/n_260_sum_reg[6]  ( metal1 )
Bounds : ( 790.650, 1216.320 ) ( 790.685, 1216.460 )


SPACING: ( ParallelRunLength Spacing ) Regular Wire of Net L2/CTS_445 & Blockage of Cell L2/n_244_mul_reg[5]  ( metal1 )
Bounds : ( 732.200, 1229.060 ) ( 732.245, 1229.200 )


SPACING: ( ParallelRunLength Spacing ) Regular Wire of Net L2/CTS_445 & Blockage of Cell L2/n_244_sum_reg[6]  ( metal1 )
Bounds : ( 732.960, 1226.260 ) ( 733.005, 1226.400 )


SPACING: ( ParallelRunLength Spacing ) Regular Wire of Net L2/CTS_444 & Blockage of Cell L2/n_180_SIGMOID_GEN.SROM/y_reg[2]  ( metal1 )
Bounds : ( 758.040, 1216.320 ) ( 758.055, 1216.460 )


SPACING: ( ParallelRunLength Spacing ) Regular Wire of Net CTS_706 & Pin of Cell L2/CTS_ccl_BUF_s_axi_aclk_G0_L9_59  ( metal1 )
Bounds : ( 783.180, 1224.755 ) ( 783.205, 1224.825 )


SPACING: ( ParallelRunLength Spacing ) Regular Wire of Net L2/CTS_439 & Blockage of Cell L2/n_260_mul_reg[14]  ( metal1 )
Bounds : ( 789.960, 1240.260 ) ( 789.975, 1240.400 )


SPACING: ( ParallelRunLength Spacing ) Regular Wire of Net L2/CTS_448 & Blockage of Cell L2/n_212_sum_reg[10]1849  ( metal1 )
Bounds : ( 671.210, 1243.060 ) ( 671.255, 1243.200 )


SPACING: ( ParallelRunLength Spacing ) Regular Wire of Net L2/CTS_423 & Blockage of Cell L2/n_164_mul_reg[22]1337  ( metal1 )
Bounds : ( 656.010, 1277.920 ) ( 656.025, 1278.060 )


SHORT: ( Metal Short ) Regular Wire of Net L2/CTS_448 & Blockage of Cell L2/n_212_sum_reg[10]1849  ( metal1 )
Bounds : ( 671.140, 1243.060 ) ( 671.175, 1243.200 )


SPACING: ( ParallelRunLength Spacing ) Regular Wire of Net L2/CTS_451 & Blockage of Cell L2/n_164_mul_reg[16]1343  ( metal1 )
Bounds : ( 644.420, 1259.860 ) ( 644.435, 1260.000 )


SPACING: ( ParallelRunLength Spacing ) Regular Wire of Net L2/CTS_452 & Blockage of Cell L2/n_228_mul_reg[21]1913  ( metal1 )
Bounds : ( 700.955, 1210.720 ) ( 700.970, 1210.860 )


SPACING: ( ParallelRunLength Spacing ) Regular Wire of Net L2/CTS_447 & Blockage of Cell L2/n_196_sum_reg[4]1730  ( metal1 )
Bounds : ( 697.620, 1209.460 ) ( 697.635, 1209.600 )


SPACING: ( ParallelRunLength Spacing ) Regular Wire of Net L2/CTS_447 & Blockage of Cell L2/n_196_sum_reg[3]1731  ( metal1 )
Bounds : ( 692.680, 1212.260 ) ( 692.695, 1212.400 )


SHORT: ( Metal Short ) Regular Wire of Net L2/CTS_433 & Blockage of Cell L2/n_132_mul_reg[18]1098  ( metal1 )
Bounds : ( 685.200, 1131.060 ) ( 685.235, 1131.200 )


SPACING: ( ParallelRunLength Spacing ) Regular Wire of Net L2/CTS_433 & Blockage of Cell L2/n_132_mul_reg[18]1098  ( metal1 )
Bounds : ( 685.270, 1131.060 ) ( 685.315, 1131.200 )


SHORT: ( Metal Short ) Regular Wire of Net L2/CTS_415 & Blockage of Cell L2/n_52_mul_reg[4]343  ( metal1 )
Bounds : ( 750.370, 1121.120 ) ( 750.405, 1121.260 )


SHORT: ( Metal Short ) Regular Wire of Net L2/CTS_420 & Blockage of Cell L2/n_68_mul_reg[3]517  ( metal1 )
Bounds : ( 762.720, 1132.320 ) ( 762.755, 1132.460 )


SPACING: ( ParallelRunLength Spacing ) Regular Wire of Net L2/CTS_417 & Blockage of Cell L2/n_36_mul_reg[4]174  ( metal1 )
Bounds : ( 729.540, 1131.060 ) ( 729.555, 1131.200 )


SPACING: ( ParallelRunLength Spacing ) Regular Wire of Net L2/CTS_417 & Blockage of Cell L2/n_36_mul_reg[2]176  ( metal1 )
Bounds : ( 731.060, 1129.520 ) ( 731.075, 1129.660 )


SPACING: ( ParallelRunLength Spacing ) Regular Wire of Net L2/CTS_421 & Blockage of Cell L2/n_36_mul_reg[11]167  ( metal1 )
Bounds : ( 735.430, 1118.320 ) ( 735.445, 1118.460 )


SPACING: ( ParallelRunLength Spacing ) Regular Wire of Net L2/CTS_415 & Blockage of Cell L2/n_52_mul_reg[4]343  ( metal1 )
Bounds : ( 750.440, 1121.120 ) ( 750.485, 1121.260 )


SPACING: ( ParallelRunLength Spacing ) Regular Wire of Net L2/CTS_420 & Blockage of Cell L2/n_68_mul_reg[3]517  ( metal1 )
Bounds : ( 762.790, 1132.320 ) ( 762.835, 1132.460 )


SHORT: ( Metal Short ) Regular Wire of Net L2/CTS_429 & Blockage of Cell L2/n_148_mul_reg[15]1216  ( metal1 )
Bounds : ( 672.280, 1167.460 ) ( 672.315, 1167.600 )


SPACING: ( ParallelRunLength Spacing ) Regular Wire of Net L2/CTS_432 & Blockage of Cell L2/n_100_sum_reg[16]890  ( metal1 )
Bounds : ( 658.670, 1191.120 ) ( 658.685, 1191.260 )


SPACING: ( ParallelRunLength Spacing ) Regular Wire of Net L2/CTS_432 & Blockage of Cell L2/n_228_mul_reg[19]1915  ( metal1 )
Bounds : ( 668.740, 1182.720 ) ( 668.755, 1182.860 )


SPACING: ( ParallelRunLength Spacing ) Regular Wire of Net L2/CTS_429 & Blockage of Cell L2/n_148_mul_reg[15]1216  ( metal1 )
Bounds : ( 672.350, 1167.460 ) ( 672.395, 1167.600 )


SHORT: ( Metal Short ) Regular Wire of Net L2/CTS_420 & Blockage of Cell L2/n_68_WM_wout_reg[3]481  ( metal1 )
Bounds : ( 766.770, 1139.635 ) ( 766.815, 1139.705 )


SHORT: ( Metal Short ) Regular Wire of Net L2/CTS_413 & Blockage of Cell L2/n_84_WM_wout_reg[12]628  ( metal1 )
Bounds : ( 767.735, 1149.015 ) ( 767.765, 1149.085 )


SHORT: ( Metal Short ) Regular Wire of Net L2/CTS_412 & Blockage of Cell L2/n_84_WM_wout_reg[3]649  ( metal1 )
Bounds : ( 768.100, 1165.815 ) ( 768.145, 1165.885 )


SHORT: ( Metal Short ) Regular Wire of Net L2/CTS_412 & Blockage of Cell L2/n_84_mul_reg[0]682  ( metal1 )
Bounds : ( 773.170, 1178.660 ) ( 773.205, 1178.800 )


SPACING: ( ParallelRunLength Spacing ) Regular Wire of Net L2/CTS_412 & Blockage of Cell L2/n_84_mul_reg[0]682  ( metal1 )
Bounds : ( 773.240, 1178.660 ) ( 773.285, 1178.800 )


SPACING: ( ParallelRunLength Spacing ) Regular Wire of Net L2/CTS_413 & Blockage of Cell L2/n_68_sum_reg[8]595  ( metal1 )
Bounds : ( 773.810, 1146.320 ) ( 773.825, 1146.460 )


SPACING: ( ParallelRunLength Spacing ) Regular Wire of Net L2/CTS_419 & Blockage of Cell L2/n_68_sum_reg[11]589  ( metal1 )
Bounds : ( 785.210, 1142.260 ) ( 785.225, 1142.400 )


SPACING: ( ParallelRunLength Spacing ) Regular Wire of Net L2/CTS_504 & Blockage of Cell L2/n_132_mul_reg[22]  ( metal1 )
Bounds : ( 795.280, 1005.060 ) ( 795.295, 1005.200 )


SPACING: ( ParallelRunLength Spacing ) Regular Wire of Net L2/CTS_491 & Blockage of Cell L2/n_116_mul_reg[14]  ( metal1 )
Bounds : ( 753.290, 1027.460 ) ( 753.335, 1027.600 )


SPACING: ( ParallelRunLength Spacing ) Regular Wire of Net L2/CTS_491 & Blockage of Cell L2/n_228_sum_reg[7]  ( metal1 )
Bounds : ( 749.300, 1034.320 ) ( 749.345, 1034.460 )


SPACING: ( ParallelRunLength Spacing ) Regular Wire of Net L2/CTS_491 & Blockage of Cell L2/n_116_mul_reg[10]  ( metal1 )
Bounds : ( 741.130, 1024.660 ) ( 741.175, 1024.800 )


SPACING: ( ParallelRunLength Spacing ) Regular Wire of Net L2/CTS_494 & Blockage of Cell L2/n_116_WM_wout_reg[8]  ( metal1 )
Bounds : ( 737.175, 1002.435 ) ( 737.225, 1002.505 )


SHORT: ( Metal Short ) Regular Wire of Net L2/CTS_489 & Blockage of Cell L2/n_116_mul_reg[16]  ( metal1 )
Bounds : ( 763.670, 1027.460 ) ( 763.705, 1027.600 )


SHORT: ( Metal Short ) Regular Wire of Net L2/CTS_489 & Blockage of Cell L2/n_148_WM_wout_reg[5]  ( metal1 )
Bounds : ( 763.540, 1030.435 ) ( 763.585, 1030.505 )


SHORT: ( Metal Short ) Regular Wire of Net L2/CTS_491 & Blockage of Cell L2/n_116_mul_reg[14]  ( metal1 )
Bounds : ( 753.220, 1027.460 ) ( 753.255, 1027.600 )


SHORT: ( Metal Short ) Regular Wire of Net L2/CTS_491 & Blockage of Cell L2/n_228_sum_reg[7]  ( metal1 )
Bounds : ( 749.230, 1034.320 ) ( 749.265, 1034.460 )


SHORT: ( Metal Short ) Regular Wire of Net L2/CTS_491 & Blockage of Cell L2/n_116_mul_reg[10]  ( metal1 )
Bounds : ( 741.060, 1024.660 ) ( 741.095, 1024.800 )


SPACING: ( ParallelRunLength Spacing ) Regular Wire of Net L2/CTS_494 & Blockage of Cell L2/n_116_sum_reg[5]  ( metal1 )
Bounds : ( 715.670, 1021.860 ) ( 715.685, 1022.000 )


SPACING: ( ParallelRunLength Spacing ) Regular Wire of Net L2/CTS_488 & Blockage of Cell L2/n_212_WM_wout_reg[4]  ( metal1 )
Bounds : ( 705.635, 1003.415 ) ( 705.685, 1003.485 )


SPACING: ( ParallelRunLength Spacing ) Regular Wire of Net L2/CTS_489 & Blockage of Cell L2/n_116_mul_reg[16]  ( metal1 )
Bounds : ( 763.740, 1027.460 ) ( 763.785, 1027.600 )


SPACING: ( ParallelRunLength Spacing ) Regular Wire of Net L2/CTS_508 & Blockage of Cell L2/n_116_mul_reg[22]  ( metal1 )
Bounds : ( 795.660, 1010.660 ) ( 795.675, 1010.800 )


SHORT: ( Metal Short ) Regular Wire of Net L2/CTS_472 & Blockage of Cell L2/n_228_mul_reg[21]  ( metal1 )
Bounds : ( 708.190, 1080.660 ) ( 708.225, 1080.800 )


SPACING: ( ParallelRunLength Spacing ) Regular Wire of Net L2/CTS_472 & Blockage of Cell L2/n_228_mul_reg[21]  ( metal1 )
Bounds : ( 708.260, 1080.660 ) ( 708.305, 1080.800 )


SHORT: ( Metal Short ) Regular Wire of Net L2/CTS_493 & Blockage of Cell L2/n_228_sum_reg[3]  ( metal1 )
Bounds : ( 749.230, 1056.720 ) ( 749.265, 1056.860 )


SHORT: ( Metal Short ) Regular Wire of Net L2/CTS_414 & Blockage of Cell L2/n_52_mul_reg[10]337  ( metal1 )
Bounds : ( 765.190, 1097.460 ) ( 765.225, 1097.600 )


SPACING: ( ParallelRunLength Spacing ) Regular Wire of Net L2/CTS_487 & Blockage of Cell L2/n_228_mul_reg[0]  ( metal1 )
Bounds : ( 736.950, 1056.720 ) ( 736.965, 1056.860 )


SPACING: ( ParallelRunLength Spacing ) Regular Wire of Net L2/CTS_493 & Blockage of Cell L2/n_228_sum_reg[3]  ( metal1 )
Bounds : ( 749.300, 1056.720 ) ( 749.345, 1056.860 )


SPACING: ( ParallelRunLength Spacing ) Regular Wire of Net L2/CTS_493 & Blockage of Cell L2/n_0_mul_reg[0]  ( metal1 )
Bounds : ( 752.720, 1073.520 ) ( 752.735, 1073.660 )


SPACING: ( ParallelRunLength Spacing ) Regular Wire of Net L2/CTS_414 & Blockage of Cell L2/n_52_mul_reg[10]337  ( metal1 )
Bounds : ( 765.260, 1097.460 ) ( 765.305, 1097.600 )


SPACING: ( ParallelRunLength Spacing ) Regular Wire of Net L2/CTS_496 & Blockage of Cell L2/n_0_mul_reg[15]  ( metal1 )
Bounds : ( 789.580, 1067.920 ) ( 789.595, 1068.060 )


SPACING: ( ParallelRunLength Spacing ) Regular Wire of Net L2/CTS_457 & Blockage of Cell L2/n_212_mul_reg[11]  ( metal1 )
Bounds : ( 681.850, 1017.520 ) ( 681.895, 1017.660 )


SPACING: ( ParallelRunLength Spacing ) Regular Wire of Net L2/CTS_457 & Blockage of Cell L2/n_212_sum_reg[8]  ( metal1 )
Bounds : ( 678.810, 1007.860 ) ( 678.825, 1008.000 )


SPACING: ( ParallelRunLength Spacing ) Regular Wire of Net L2/CTS_457 & Blockage of Cell L2/n_212_sum_reg[6]  ( metal1 )
Bounds : ( 676.910, 1003.520 ) ( 676.925, 1003.660 )


SPACING: ( ParallelRunLength Spacing ) Regular Wire of Net L2/CTS_457 & Blockage of Cell L2/n_212_sum_reg[9]  ( metal1 )
Bounds : ( 675.960, 1013.460 ) ( 675.975, 1013.600 )


SPACING: ( ParallelRunLength Spacing ) Regular Wire of Net L2/CTS_457 & Blockage of Cell L2/n_164_WM_wout_reg[8]  ( metal1 )
Bounds : ( 673.145, 1003.415 ) ( 673.195, 1003.485 )


SPACING: ( ParallelRunLength Spacing ) Regular Wire of Net L2/CTS_461 & Blockage of Cell L2/n_164_mul_reg[15]  ( metal1 )
Bounds : ( 657.720, 1041.460 ) ( 657.765, 1041.600 )


SHORT: ( Metal Short ) Regular Wire of Net L2/CTS_457 & Blockage of Cell L2/n_212_mul_reg[11]  ( metal1 )
Bounds : ( 681.780, 1017.520 ) ( 681.815, 1017.660 )


SHORT: ( Metal Short ) Regular Wire of Net L2/CTS_461 & Blockage of Cell L2/n_164_mul_reg[15]  ( metal1 )
Bounds : ( 657.650, 1041.460 ) ( 657.685, 1041.600 )


SPACING: ( ParallelRunLength Spacing ) Regular Wire of Net L2/CTS_459 & Blockage of Cell L2/n_164_mul_reg[10]  ( metal1 )
Bounds : ( 641.190, 1009.120 ) ( 641.235, 1009.260 )


SPACING: ( ParallelRunLength Spacing ) Regular Wire of Net L2/CTS_459 & Blockage of Cell L2/n_212_sum_reg[12]  ( metal1 )
Bounds : ( 639.670, 1017.520 ) ( 639.685, 1017.660 )


SPACING: ( ParallelRunLength Spacing ) Regular Wire of Net L2/CTS_459 & Blockage of Cell L2/n_212_sum_reg[13]  ( metal1 )
Bounds : ( 639.100, 1024.660 ) ( 639.115, 1024.800 )


SPACING: ( ParallelRunLength Spacing ) Regular Wire of Net L2/CTS_459 & Blockage of Cell L2/n_164_mul_reg[11]  ( metal1 )
Bounds : ( 638.720, 1014.720 ) ( 638.765, 1014.860 )


SPACING: ( ParallelRunLength Spacing ) Regular Wire of Net L2/CTS_461 & Blockage of Cell L2/n_212_sum_reg[16]  ( metal1 )
Bounds : ( 637.770, 1041.460 ) ( 637.785, 1041.600 )


SPACING: ( ParallelRunLength Spacing ) Regular Wire of Net L2/CTS_461 & Blockage of Cell L2/n_180_sum_reg[14]  ( metal1 )
Bounds : ( 634.540, 1045.520 ) ( 634.555, 1045.660 )


SPACING: ( ParallelRunLength Spacing ) Regular Wire of Net L2/CTS_461 & Blockage of Cell L2/n_212_sum_reg[15]  ( metal1 )
Bounds : ( 633.210, 1035.860 ) ( 633.225, 1036.000 )


SPACING: ( ParallelRunLength Spacing ) Regular Wire of Net L2/CTS_461 & Blockage of Cell L2/n_164_sum_reg[14]  ( metal1 )
Bounds : ( 632.260, 1034.320 ) ( 632.275, 1034.460 )


SPACING: ( ParallelRunLength Spacing ) Regular Wire of Net L2/CTS_459 & Blockage of Cell L2/n_180_sum_reg[11]  ( metal1 )
Bounds : ( 630.170, 1013.460 ) ( 630.185, 1013.600 )


SHORT: ( Metal Short ) Regular Wire of Net L2/CTS_459 & Blockage of Cell L2/n_164_mul_reg[10]  ( metal1 )
Bounds : ( 641.120, 1009.120 ) ( 641.155, 1009.260 )


SHORT: ( Metal Short ) Regular Wire of Net L2/CTS_459 & Blockage of Cell L2/n_164_mul_reg[11]  ( metal1 )
Bounds : ( 638.650, 1014.720 ) ( 638.685, 1014.860 )


SHORT: ( Metal Short ) Regular Wire of Net L2/CTS_469 & Blockage of Cell L2/n_228_mul_reg[29]  ( metal1 )
Bounds : ( 680.070, 1086.260 ) ( 680.105, 1086.400 )


SPACING: ( ParallelRunLength Spacing ) Regular Wire of Net L2/CTS_469 & Blockage of Cell L2/n_228_mul_reg[29]  ( metal1 )
Bounds : ( 680.140, 1086.260 ) ( 680.185, 1086.400 )


SPACING: ( ParallelRunLength Spacing ) Regular Wire of Net L2/CTS_395 & Blockage of Cell L2/n_84_mul_reg[5]  ( metal1 )
Bounds : ( 767.540, 983.920 ) ( 767.555, 984.060 )


SPACING: ( ParallelRunLength Spacing ) Regular Wire of Net L2/CTS_399 & Blockage of Cell L2/n_68_mul_reg[13]  ( metal1 )
Bounds : ( 793.190, 932.260 ) ( 793.235, 932.400 )


SPACING: ( ParallelRunLength Spacing ) Regular Wire of Net L2/CTS_401 & Blockage of Cell L2/n_84_sum_reg[1]  ( metal1 )
Bounds : ( 783.310, 960.260 ) ( 783.325, 960.400 )


SPACING: ( ParallelRunLength Spacing ) Regular Wire of Net L2/CTS_397 & Blockage of Cell L2/n_68_mul_reg[8]  ( metal1 )
Bounds : ( 780.270, 936.320 ) ( 780.315, 936.460 )


SPACING: ( ParallelRunLength Spacing ) Regular Wire of Net L2/CTS_397 & Blockage of Cell L2/n_68_mul_reg[2]  ( metal1 )
Bounds : ( 772.670, 930.720 ) ( 772.715, 930.860 )


SPACING: ( ParallelRunLength Spacing ) Regular Wire of Net L2/CTS_397 & Blockage of Cell L2/n_100_mul_reg[22]  ( metal1 )
Bounds : ( 764.690, 941.920 ) ( 764.705, 942.060 )


SPACING: ( ParallelRunLength Spacing ) Regular Wire of Net L2/CTS_482 & Blockage of Cell L2/n_100_mul_reg[7]  ( metal1 )
Bounds : ( 705.600, 921.060 ) ( 705.615, 921.200 )


SPACING: ( ParallelRunLength Spacing ) Regular Wire of Net L2/CTS_482 & Blockage of Cell L2/n_100_sum_reg[11]  ( metal1 )
Bounds : ( 716.810, 913.920 ) ( 716.825, 914.060 )


SHORT: ( Metal Short ) Regular Wire of Net L2/CTS_398 & Blockage of Cell L2/n_1_WM_wout_reg[8]  ( metal1 )
Bounds : ( 737.525, 915.635 ) ( 737.555, 915.705 )


SHORT: ( Metal Short ) Regular Wire of Net L2/CTS_398 & Blockage of Cell L2/n_52_WM_wout_reg[8]  ( metal1 )
Bounds : ( 755.385, 921.235 ) ( 755.415, 921.305 )


SHORT: ( Metal Short ) Regular Wire of Net L2/CTS_397 & Blockage of Cell L2/n_52_WM_wout_reg[10]  ( metal1 )
Bounds : ( 756.905, 922.215 ) ( 756.935, 922.285 )


SHORT: ( Metal Short ) Regular Wire of Net L2/CTS_400 & Blockage of Cell L2/n_84_WM_wout_reg[14]  ( metal1 )
Bounds : ( 761.830, 967.015 ) ( 761.875, 967.085 )


SHORT: ( Metal Short ) Regular Wire of Net L2/CTS_401 & Blockage of Cell L2/n_68_WM_wout_reg[13]  ( metal1 )
Bounds : ( 767.150, 966.035 ) ( 767.195, 966.105 )


SHORT: ( Metal Short ) Regular Wire of Net L2/CTS_397 & Blockage of Cell L2/n_68_mul_reg[2]  ( metal1 )
Bounds : ( 772.600, 930.720 ) ( 772.635, 930.860 )


SHORT: ( Metal Short ) Regular Wire of Net L2/CTS_397 & Blockage of Cell L2/n_68_mul_reg[8]  ( metal1 )
Bounds : ( 780.200, 936.320 ) ( 780.235, 936.460 )


SHORT: ( Metal Short ) Regular Wire of Net L2/CTS_399 & Blockage of Cell L2/n_68_mul_reg[13]  ( metal1 )
Bounds : ( 793.120, 932.260 ) ( 793.155, 932.400 )


SPACING: ( ParallelRunLength Spacing ) Regular Wire of Net L2/CTS_397 & Blockage of Cell L2/n_100_mul_reg[20]  ( metal1 )
Bounds : ( 761.650, 930.720 ) ( 761.665, 930.860 )


SPACING: ( ParallelRunLength Spacing ) Regular Wire of Net L2/CTS_492 & Blockage of Cell L2/n_84_mul_reg[9]  ( metal1 )
Bounds : ( 775.330, 992.320 ) ( 775.345, 992.460 )


SPACING: ( ParallelRunLength Spacing ) Regular Wire of Net L2/CTS_479 & Blockage of Cell L2/n_132_mul_reg[16]  ( metal1 )
Bounds : ( 667.600, 978.320 ) ( 667.645, 978.460 )


SPACING: ( ParallelRunLength Spacing ) Regular Wire of Net L2/CTS_479 & Blockage of Cell L2/n_180_WM_wout_reg[2]  ( metal1 )
Bounds : ( 653.195, 982.835 ) ( 653.245, 982.905 )


SHORT: ( Metal Short ) Regular Wire of Net L2/CTS_479 & Blockage of Cell L2/n_132_mul_reg[16]  ( metal1 )
Bounds : ( 667.530, 978.320 ) ( 667.565, 978.460 )


SPACING: ( ParallelRunLength Spacing ) Regular Wire of Net L2/CTS_515 & Pin of Cell L2/CTS_cpc_drv_BUF_s_axi_aclk_G0_L11_1  ( metal1 )
Bounds : ( 636.095, 995.460 ) ( 636.155, 995.460 )


SPACING: ( ParallelRunLength Spacing ) Regular Wire of Net L2/CTS_515 & Blockage of Cell L2/CTS_cpc_drv_BUF_s_axi_aclk_G0_L11_1  ( metal1 )
Bounds : ( 635.905, 995.390 ) ( 635.955, 995.395 )


SHORT: ( Metal Short ) Regular Wire of Net L2/CTS_515 & Special Wire of Net VSS  ( metal4 )
Bounds : ( 635.955, 995.355 ) ( 636.095, 998.060 )


SHORT: ( Metal Short ) Regular Wire of Net L2/CTS_456 & Special Wire of Net VSS  ( metal4 )
Bounds : ( 635.605, 995.100 ) ( 635.745, 998.060 )


SHORT: ( Metal Short ) Regular Wire of Net L2/CTS_515 & Regular Wire of Net L2/CTS_456  ( metal3 )
Bounds : ( 635.605, 997.955 ) ( 636.060, 998.025 )


SHORT: ( Metal Short ) Regular Wire of Net L2/CTS_464 & Blockage of Cell L2/n_36_mul_reg[3]  ( metal1 )
Bounds : ( 648.340, 937.860 ) ( 648.375, 938.000 )


SPACING: ( ParallelRunLength Spacing ) Regular Wire of Net L2/CTS_464 & Blockage of Cell L2/n_36_mul_reg[3]  ( metal1 )
Bounds : ( 648.410, 937.860 ) ( 648.455, 938.000 )


SPACING: ( ParallelRunLength Spacing ) Regular Wire of Net L2/CTS_478 & Blockage of Cell L2/n_1_myinputd_reg[10]  ( metal1 )
Bounds : ( 678.430, 943.460 ) ( 678.465, 943.600 )


SPACING: ( ParallelRunLength Spacing ) Regular Wire of Net L2/CTS_482 & Blockage of Cell L2/n_100_sum_reg[6]  ( metal1 )
Bounds : ( 697.810, 918.260 ) ( 697.825, 918.400 )


SPACING: ( ParallelRunLength Spacing ) Regular Wire of Net L2/CTS_482 & Blockage of Cell L2/n_36_WM_wout_reg[10]  ( metal1 )
Bounds : ( 698.795, 927.815 ) ( 698.845, 927.885 )


SPACING: ( ParallelRunLength Spacing ) Regular Wire of Net L2/CTS_392 & Blockage of Cell L2/n_52_sum_reg[19]  ( metal1 )
Bounds : ( 793.760, 883.120 ) ( 793.805, 883.260 )


SPACING: ( ParallelRunLength Spacing ) Regular Wire of Net L2/CTS_392 & Blockage of Cell L2/n_52_mul_reg[17]  ( metal1 )
Bounds : ( 787.870, 887.460 ) ( 787.885, 887.600 )


SHORT: ( Metal Short ) Regular Wire of Net L2/CTS_392 & Blockage of Cell L2/n_52_sum_reg[19]  ( metal1 )
Bounds : ( 793.690, 883.120 ) ( 793.725, 883.260 )


SPACING: ( ParallelRunLength Spacing ) Regular Wire of Net L2/CTS_465 & Blockage of Cell L2/n_1_mul_reg[17]  ( metal1 )
Bounds : ( 733.150, 874.720 ) ( 733.165, 874.860 )


SPACING: ( ParallelRunLength Spacing ) Regular Wire of Net L2/CTS_390 & Blockage of Cell L2/n_52_mul_reg[5]  ( metal1 )
Bounds : ( 759.560, 881.860 ) ( 759.575, 882.000 )


SPACING: ( ParallelRunLength Spacing ) Regular Wire of Net L2/CTS_390 & Blockage of Cell L2/n_52_mul_reg[7]  ( metal1 )
Bounds : ( 760.510, 890.260 ) ( 760.525, 890.400 )


SPACING: ( ParallelRunLength Spacing ) Regular Wire of Net L2/CTS_390 & Blockage of Cell L2/n_52_mul_reg[2]  ( metal1 )
Bounds : ( 766.210, 881.860 ) ( 766.225, 882.000 )


SPACING: ( ParallelRunLength Spacing ) Regular Wire of Net L2/CTS_394 & Blockage of Cell L2/n_52_mul_reg[9]  ( metal1 )
Bounds : ( 767.730, 890.260 ) ( 767.745, 890.400 )


SPACING: ( ParallelRunLength Spacing ) Regular Wire of Net L2/CTS_394 & Blockage of Cell L2/n_52_mul_reg[10]  ( metal1 )
Bounds : ( 770.960, 890.260 ) ( 770.975, 890.400 )


SPACING: ( ParallelRunLength Spacing ) Regular Wire of Net L2/CTS_394 & Blockage of Cell L2/n_52_mul_reg[12]  ( metal1 )
Bounds : ( 774.190, 890.260 ) ( 774.205, 890.400 )


SPACING: ( ParallelRunLength Spacing ) Regular Wire of Net L2/CTS_390 & Blockage of Cell L2/n_1_mul_reg[26]  ( metal1 )
Bounds : ( 776.280, 876.260 ) ( 776.295, 876.400 )


SPACING: ( ParallelRunLength Spacing ) Regular Wire of Net L2/CTS_394 & Blockage of Cell L2/n_36_mul_reg[28]  ( metal1 )
Bounds : ( 778.750, 877.520 ) ( 778.765, 877.660 )


SPACING: ( ParallelRunLength Spacing ) Regular Wire of Net L2/CTS_394 & Blockage of Cell L2/n_1_mul_reg[27]  ( metal1 )
Bounds : ( 781.980, 877.520 ) ( 781.995, 877.660 )


SPACING: ( ParallelRunLength Spacing ) Regular Wire of Net L2/CTS_394 & Blockage of Cell L2/n_52_mul_reg[16]  ( metal1 )
Bounds : ( 784.640, 884.660 ) ( 784.655, 884.800 )


SPACING: ( ParallelRunLength Spacing ) Regular Wire of Net L1/CTS_512 & Blockage of Cell L1/n_36_sum_reg[6]568  ( metal1 )
Bounds : ( 500.210, 943.460 ) ( 500.255, 943.600 )


SHORT: ( Metal Short ) Regular Wire of Net L1/CTS_513 & Blockage of Cell L1/n_36_sum_reg[11]563  ( metal1 )
Bounds : ( 507.740, 927.920 ) ( 507.775, 928.060 )


SPACING: ( ParallelRunLength Spacing ) Regular Wire of Net L1/CTS_533 & Blockage of Cell L1/n_132_mul_reg[20]11042  ( metal1 )
Bounds : ( 553.600, 849.520 ) ( 553.645, 849.660 )


SPACING: ( ParallelRunLength Spacing ) Regular Wire of Net L1/CTS_534 & Blockage of Cell L1/n_100_sum_reg[20]7289  ( metal1 )
Bounds : ( 550.940, 876.260 ) ( 550.955, 876.400 )


SPACING: ( ParallelRunLength Spacing ) Regular Wire of Net L1/CTS_534 & Blockage of Cell L1/n_100_mul_reg[19]7224  ( metal1 )
Bounds : ( 547.710, 877.520 ) ( 547.755, 877.660 )


SPACING: ( ParallelRunLength Spacing ) Regular Wire of Net L1/CTS_534 & Blockage of Cell L1/n_100_sum_reg[17]4207  ( metal1 )
Bounds : ( 539.730, 874.720 ) ( 539.745, 874.860 )


SPACING: ( ParallelRunLength Spacing ) Regular Wire of Net L1/CTS_526 & Blockage of Cell L1/n_132_sum_reg[5]11320  ( metal1 )
Bounds : ( 512.750, 839.860 ) ( 512.795, 840.000 )


SPACING: ( ParallelRunLength Spacing ) Regular Wire of Net L1/CTS_537 & Blockage of Cell L1/n_100_mul_reg[9]7234  ( metal1 )
Bounds : ( 509.710, 888.720 ) ( 509.755, 888.860 )


SPACING: ( ParallelRunLength Spacing ) Regular Wire of Net L1/CTS_528 & Blockage of Cell L1/n_36_mul_reg[21]486  ( metal1 )
Bounds : ( 503.440, 881.860 ) ( 503.455, 882.000 )


SHORT: ( Metal Short ) Regular Wire of Net L1/CTS_533 & Blockage of Cell L1/n_132_mul_reg[20]11042  ( metal1 )
Bounds : ( 553.530, 849.520 ) ( 553.565, 849.660 )


SHORT: ( Metal Short ) Regular Wire of Net L1/CTS_534 & Blockage of Cell L1/n_100_mul_reg[19]7224  ( metal1 )
Bounds : ( 547.640, 877.520 ) ( 547.675, 877.660 )


SHORT: ( Metal Short ) Regular Wire of Net L1/CTS_526 & Blockage of Cell L1/n_132_sum_reg[5]11320  ( metal1 )
Bounds : ( 512.680, 839.860 ) ( 512.715, 840.000 )


SHORT: ( Metal Short ) Regular Wire of Net L1/CTS_537 & Blockage of Cell L1/n_100_mul_reg[9]7234  ( metal1 )
Bounds : ( 509.640, 888.720 ) ( 509.675, 888.860 )


SHORT: ( Metal Short ) Regular Wire of Net L1/CTS_519 & Blockage of Cell L1/n_116_WM_wout_reg[2]8037  ( metal1 )
Bounds : ( 503.445, 821.415 ) ( 503.475, 821.485 )


SPACING: ( ParallelRunLength Spacing ) Regular Wire of Net L1/CTS_525 & Blockage of Cell L1/n_116_sum_reg[26]8222  ( metal1 )
Bounds : ( 577.160, 803.460 ) ( 577.175, 803.600 )


SPACING: ( ParallelRunLength Spacing ) Regular Wire of Net L1/CTS_515 & Blockage of Cell L1/n_116_mul_reg[16]8182  ( metal1 )
Bounds : ( 545.810, 801.920 ) ( 545.825, 802.060 )


SPACING: ( ParallelRunLength Spacing ) Regular Wire of Net L1/CTS_519 & Blockage of Cell L1/n_84_mul_reg[18]4085  ( metal1 )
Bounds : ( 498.880, 809.060 ) ( 498.895, 809.200 )


SHORT: ( Metal Short ) Regular Wire of Net L1/CTS_512 & Blockage of Cell L1/n_36_sum_reg[6]568  ( metal1 )
Bounds : ( 500.140, 943.460 ) ( 500.175, 943.600 )


SPACING: ( ParallelRunLength Spacing ) Regular Wire of Net L1/CTS_512 & Blockage of Cell L1/n_36_mul_reg[5]502  ( metal1 )
Bounds : ( 496.980, 943.460 ) ( 496.995, 943.600 )


SPACING: ( ParallelRunLength Spacing ) Regular Wire of Net L1/CTS_513 & Blockage of Cell L1/n_36_mul_reg[12]495  ( metal1 )
Bounds : ( 504.010, 923.860 ) ( 504.025, 924.000 )


SPACING: ( ParallelRunLength Spacing ) Regular Wire of Net L1/CTS_532 & Blockage of Cell L1/n_36_mul_reg[15]492  ( metal1 )
Bounds : ( 504.200, 911.120 ) ( 504.215, 911.260 )


SPACING: ( ParallelRunLength Spacing ) Regular Wire of Net L1/CTS_513 & Blockage of Cell L1/n_36_sum_reg[11]563  ( metal1 )
Bounds : ( 507.810, 927.920 ) ( 507.855, 928.060 )


SPACING: ( ParallelRunLength Spacing ) Regular Wire of Net L1/CTS_506 & Blockage of Cell L1/n_148_mul_reg[2]11487  ( metal1 )
Bounds : ( 491.090, 981.120 ) ( 491.105, 981.260 )


SHORT: ( Metal Short ) Regular Wire of Net CTS_732 & Blockage of Cell holdData_3_reg[120]  ( metal1 )
Bounds : ( 1227.270, 653.520 ) ( 1227.305, 653.660 )


SPACING: ( ParallelRunLength Spacing ) Regular Wire of Net CTS_732 & Blockage of Cell holdData_3_reg[120]  ( metal1 )
Bounds : ( 1227.340, 653.520 ) ( 1227.385, 653.660 )


SPACING: ( ParallelRunLength Spacing ) Regular Wire of Net CTS_724 & Blockage of Cell L3_n_0_WM_wout_reg[3]  ( metal1 )
Bounds : ( 1050.485, 739.235 ) ( 1050.535, 739.305 )


SPACING: ( ParallelRunLength Spacing ) Regular Wire of Net CTS_720 & Blockage of Cell L3_n_0_mul_reg[20]  ( metal1 )
Bounds : ( 1046.460, 789.460 ) ( 1046.475, 789.600 )


SPACING: ( ParallelRunLength Spacing ) Regular Wire of Net CTS_724 & Blockage of Cell L3_n_1_WM_wout_reg[13]  ( metal1 )
Bounds : ( 1039.275, 730.835 ) ( 1039.325, 730.905 )


SPACING: ( ParallelRunLength Spacing ) Regular Wire of Net CTS_726 & Blockage of Cell L3_n_1_mul_reg[20]  ( metal1 )
Bounds : ( 1031.450, 729.120 ) ( 1031.465, 729.260 )


SPACING: ( ParallelRunLength Spacing ) Regular Wire of Net CTS_817 & Blockage of Cell L3_n_8_sum_reg[28]  ( metal1 )
Bounds : ( 1154.190, 717.920 ) ( 1154.205, 718.060 )


SPACING: ( ParallelRunLength Spacing ) Regular Wire of Net CTS_734 & Blockage of Cell L3_n_8_mul_reg[29]  ( metal1 )
Bounds : ( 1145.450, 715.120 ) ( 1145.465, 715.260 )


SPACING: ( ParallelRunLength Spacing ) Regular Wire of Net CTS_812 & Blockage of Cell L3_n_1_sum_reg[29]  ( metal1 )
Bounds : ( 1143.930, 716.660 ) ( 1143.945, 716.800 )


SPACING: ( ParallelRunLength Spacing ) Regular Wire of Net CTS_734 & Blockage of Cell L3_n_7_mul_reg[1]  ( metal1 )
Bounds : ( 1134.810, 702.660 ) ( 1134.825, 702.800 )


SPACING: ( ParallelRunLength Spacing ) Regular Wire of Net CTS_811 & Blockage of Cell L3_n_0_weight_valid_reg  ( metal1 )
Bounds : ( 1080.660, 711.060 ) ( 1080.675, 711.200 )


SPACING: ( ParallelRunLength Spacing ) Regular Wire of Net CTS_721 & Blockage of Cell L3_n_2_WM_wout_reg[13]  ( metal1 )
Bounds : ( 1040.035, 700.035 ) ( 1040.085, 700.105 )


SHORT: ( Metal Short ) Regular Wire of Net CTS_808 & Blockage of Cell L3_n_8_WM_wout_reg[1]  ( metal1 )
Bounds : ( 1076.105, 730.835 ) ( 1076.135, 730.905 )


SPACING: ( ParallelRunLength Spacing ) Regular Wire of Net CTS_814 & Blockage of Cell L3_n_0_mul_reg[24]  ( metal1 )
Bounds : ( 1067.550, 785.120 ) ( 1067.565, 785.260 )


SPACING: ( ParallelRunLength Spacing ) Regular Wire of Net CTS_809 & Blockage of Cell L3_n_8_sum_reg[7]  ( metal1 )
Bounds : ( 1109.730, 755.860 ) ( 1109.745, 756.000 )


SPACING: ( ParallelRunLength Spacing ) Regular Wire of Net CTS_809 & Blockage of Cell L3_n_8_mul_reg[11]  ( metal1 )
Bounds : ( 1121.890, 748.720 ) ( 1121.905, 748.860 )


SPACING: ( ParallelRunLength Spacing ) Regular Wire of Net CTS_809 & Blockage of Cell L3_n_8_mul_reg[15]  ( metal1 )
Bounds : ( 1122.270, 743.120 ) ( 1122.285, 743.260 )


SPACING: ( ParallelRunLength Spacing ) Regular Wire of Net CTS_815 & Blockage of Cell L3_n_9_sum_reg[31]  ( metal1 )
Bounds : ( 1125.880, 765.520 ) ( 1125.895, 765.660 )


SPACING: ( ParallelRunLength Spacing ) Regular Wire of Net CTS_817 & Blockage of Cell holdData_3_reg[11]  ( metal1 )
Bounds : ( 1153.050, 731.920 ) ( 1153.065, 732.060 )


SPACING: ( ParallelRunLength Spacing ) Regular Wire of Net CTS_730 & Blockage of Cell L3_n_7_mul_reg[29]  ( metal1 )
Bounds : ( 1157.230, 670.320 ) ( 1157.245, 670.460 )


SPACING: ( ParallelRunLength Spacing ) Regular Wire of Net CTS_734 & Blockage of Cell holdData_3_reg[26]  ( metal1 )
Bounds : ( 1148.680, 691.460 ) ( 1148.695, 691.600 )


SPACING: ( ParallelRunLength Spacing ) Regular Wire of Net CTS_733 & Blockage of Cell holdData_3_reg[39]  ( metal1 )
Bounds : ( 1144.500, 657.860 ) ( 1144.515, 658.000 )


SPACING: ( ParallelRunLength Spacing ) Regular Wire of Net CTS_733 & Blockage of Cell L3_n_6_mul_reg[28]  ( metal1 )
Bounds : ( 1143.550, 667.520 ) ( 1143.565, 667.660 )


SPACING: ( ParallelRunLength Spacing ) Regular Wire of Net CTS_734 & Blockage of Cell L3_n_7_sum_reg[16]  ( metal1 )
Bounds : ( 1136.520, 695.520 ) ( 1136.565, 695.660 )


SHORT: ( Metal Short ) Regular Wire of Net CTS_734 & Blockage of Cell L3_n_7_sum_reg[16]  ( metal1 )
Bounds : ( 1136.450, 695.520 ) ( 1136.485, 695.660 )


SHORT: ( Metal Short ) Regular Wire of Net CTS_745 & Blockage of Cell L3_n_6_WM_wout_reg[12]  ( metal1 )
Bounds : ( 1083.895, 680.435 ) ( 1083.925, 680.505 )


SHORT: ( Metal Short ) Regular Wire of Net CTS_811 & Blockage of Cell L3_n_7_WM_wout_reg[7]  ( metal1 )
Bounds : ( 1078.385, 692.615 ) ( 1078.415, 692.685 )


SHORT: ( Metal Short ) Regular Wire of Net CTS_745 & Blockage of Cell L3_n_6_WM_wout_reg[3]  ( metal1 )
Bounds : ( 1075.915, 666.435 ) ( 1075.945, 666.505 )


SPACING: ( ParallelRunLength Spacing ) Regular Wire of Net CTS_738 & Blockage of Cell L3_n_4_WM_wout_reg[2]  ( metal1 )
Bounds : ( 1046.115, 661.815 ) ( 1046.165, 661.885 )


SPACING: ( ParallelRunLength Spacing ) Regular Wire of Net CTS_739 & Blockage of Cell L3_n_5_mul_reg[19]  ( metal1 )
Bounds : ( 1081.420, 610.260 ) ( 1081.465, 610.400 )


SPACING: ( ParallelRunLength Spacing ) Regular Wire of Net CTS_741 & Blockage of Cell L3_n_5_mul_reg[6]  ( metal1 )
Bounds : ( 1055.010, 622.720 ) ( 1055.055, 622.860 )


SPACING: ( ParallelRunLength Spacing ) Regular Wire of Net CTS_741 & Blockage of Cell L3_n_5_mul_reg[1]  ( metal1 )
Bounds : ( 1054.630, 633.920 ) ( 1054.675, 634.060 )


SHORT: ( Metal Short ) Regular Wire of Net CTS_739 & Blockage of Cell L3_n_5_mul_reg[19]  ( metal1 )
Bounds : ( 1081.350, 610.260 ) ( 1081.385, 610.400 )


SHORT: ( Metal Short ) Regular Wire of Net CTS_741 & Blockage of Cell L3_n_5_mul_reg[6]  ( metal1 )
Bounds : ( 1054.940, 622.720 ) ( 1054.975, 622.860 )


SHORT: ( Metal Short ) Regular Wire of Net CTS_741 & Blockage of Cell L3_n_5_mul_reg[1]  ( metal1 )
Bounds : ( 1054.560, 633.920 ) ( 1054.595, 634.060 )


SPACING: ( ParallelRunLength Spacing ) Regular Wire of Net CTS_738 & Blockage of Cell L3_n_5_mul_reg[3]  ( metal1 )
Bounds : ( 1050.830, 643.860 ) ( 1050.845, 644.000 )


SPACING: ( ParallelRunLength Spacing ) Regular Wire of Net CTS_742 & Blockage of Cell L3_n_4_sum_reg[16]  ( metal1 )
Bounds : ( 1018.150, 608.720 ) ( 1018.195, 608.860 )


SHORT: ( Metal Short ) Regular Wire of Net CTS_742 & Blockage of Cell L3_n_4_sum_reg[16]  ( metal1 )
Bounds : ( 1018.080, 608.720 ) ( 1018.115, 608.860 )


SPACING: ( ParallelRunLength Spacing ) Regular Wire of Net CTS_721 & Blockage of Cell L3_n_2_WM_wout_reg[8]  ( metal1 )
Bounds : ( 1040.795, 697.235 ) ( 1040.845, 697.305 )


SPACING: ( ParallelRunLength Spacing ) Regular Wire of Net CTS_873 & Pin of Cell CTS_cpc_drv_BUF_s_axi_aclk_G0_L9_79  ( metal1 )
Bounds : ( 997.805, 714.945 ) ( 997.840, 714.980 )


SPACING: ( ParallelRunLength Spacing ) Regular Wire of Net CTS_873 & Blockage of Cell CTS_cpc_drv_BUF_s_axi_aclk_G0_L9_79  ( metal1 )
Bounds : ( 997.665, 714.940 ) ( 997.700, 714.945 )


SPACING: ( ParallelRunLength Spacing ) Regular Wire of Net CTS_873 & Blockage of Cell L3_n_1_sum_reg[13]  ( metal1 )
Bounds : ( 993.640, 716.660 ) ( 993.685, 716.800 )


SPACING: ( ParallelRunLength Spacing ) Regular Wire of Net CTS_873 & Blockage of Cell L3_n_2_mul_reg[1]  ( metal1 )
Bounds : ( 988.890, 713.860 ) ( 988.935, 714.000 )


SPACING: ( ParallelRunLength Spacing ) Regular Wire of Net CTS_725 & Blockage of Cell L3_n_2_sum_reg[14]  ( metal1 )
Bounds : ( 984.520, 688.660 ) ( 984.535, 688.800 )


SHORT: ( Metal Short ) Regular Wire of Net CTS_848 & Blockage of Cell holdData_1_reg[304]  ( metal1 )
Bounds : ( 823.710, 613.060 ) ( 823.745, 613.200 )


SHORT: ( Metal Short ) Regular Wire of Net CTS_847 & Blockage of Cell holdData_1_reg[297]  ( metal1 )
Bounds : ( 827.130, 618.660 ) ( 827.165, 618.800 )


SPACING: ( ParallelRunLength Spacing ) Regular Wire of Net CTS_848 & Blockage of Cell holdData_1_reg[304]  ( metal1 )
Bounds : ( 823.780, 613.060 ) ( 823.825, 613.200 )


SPACING: ( ParallelRunLength Spacing ) Regular Wire of Net CTS_847 & Blockage of Cell holdData_1_reg[297]  ( metal1 )
Bounds : ( 827.200, 618.660 ) ( 827.245, 618.800 )


SPACING: ( ParallelRunLength Spacing ) Regular Wire of Net CTS_740 & Blockage of Cell L3_n_4_sum_reg[6]  ( metal1 )
Bounds : ( 999.530, 636.720 ) ( 999.545, 636.860 )


SHORT: ( Metal Short ) Regular Wire of Net CTS_873 & Blockage of Cell L3_n_2_mul_reg[1]  ( metal1 )
Bounds : ( 988.820, 713.860 ) ( 988.855, 714.000 )


SHORT: ( Metal Short ) Regular Wire of Net CTS_873 & Blockage of Cell L3_n_1_sum_reg[13]  ( metal1 )
Bounds : ( 993.570, 716.660 ) ( 993.605, 716.800 )


SHORT: ( Metal Short ) Regular Wire of Net CTS_727 & Blockage of Cell L3_n_1_mul_reg[13]  ( metal1 )
Bounds : ( 993.570, 720.720 ) ( 993.605, 720.860 )


SHORT: ( Metal Short ) Regular Wire of Net CTS_728 & Regular Wire of Net CTS_722  ( metal3 )
Bounds : ( 997.365, 715.155 ) ( 997.440, 715.205 )


SHORT: ( Metal Short ) Regular Wire of Net CTS_728 & Regular Wire of Net CTS_722  ( metal3 )
Bounds : ( 997.370, 715.135 ) ( 997.440, 715.205 )


SHORT: ( Metal Short ) Regular Wire of Net CTS_722 & Special Wire of Net VDD  ( metal4 )
Bounds : ( 997.365, 714.840 ) ( 997.505, 715.240 )


SPACING: ( ParallelRunLength Spacing ) Regular Wire of Net CTS_727 & Blockage of Cell L3_n_1_mul_reg[13]  ( metal1 )
Bounds : ( 993.640, 720.720 ) ( 993.685, 720.860 )


SHORT: ( Metal Short ) Regular Wire of Net CTS_722 & Regular Wire of Net CTS_873  ( metal3 )
Bounds : ( 996.575, 714.875 ) ( 997.840, 714.945 )


SPACING: ( ParallelRunLength Spacing ) Regular Wire of Net CTS_710 & Blockage of Cell holdData_3_reg[72]  ( metal1 )
Bounds : ( 1150.200, 579.460 ) ( 1150.245, 579.600 )


SHORT: ( Metal Short ) Regular Wire of Net CTS_710 & Blockage of Cell holdData_3_reg[72]  ( metal1 )
Bounds : ( 1150.130, 579.460 ) ( 1150.165, 579.600 )


SPACING: ( ParallelRunLength Spacing ) Regular Wire of Net CTS_715 & Blockage of Cell L3_n_5_sum_reg[24]  ( metal1 )
Bounds : ( 1100.610, 596.260 ) ( 1100.625, 596.400 )


SPACING: ( ParallelRunLength Spacing ) Regular Wire of Net CTS_833 & Blockage of Cell L1/n_132_sum_reg[31]  ( metal1 )
Bounds : ( 805.540, 533.120 ) ( 805.585, 533.260 )


SHORT: ( Metal Short ) Regular Wire of Net CTS_833 & Blockage of Cell L1/n_132_sum_reg[31]  ( metal1 )
Bounds : ( 805.470, 533.120 ) ( 805.505, 533.260 )


SPACING: ( ParallelRunLength Spacing ) Regular Wire of Net L1/CTS_450 & Blockage of Cell L1/n_116_mul_reg[10]  ( metal1 )
Bounds : ( 820.550, 390.320 ) ( 820.565, 390.460 )


SPACING: ( ParallelRunLength Spacing ) Regular Wire of Net L1/CTS_450 & Blockage of Cell L1/n_116_mul_reg[11]  ( metal1 )
Bounds : ( 820.360, 391.860 ) ( 820.375, 392.000 )


SPACING: ( ParallelRunLength Spacing ) Regular Wire of Net L1/CTS_450 & Blockage of Cell L1/n_116_mul_reg[6]  ( metal1 )
Bounds : ( 818.650, 377.860 ) ( 818.665, 378.000 )


SPACING: ( ParallelRunLength Spacing ) Regular Wire of Net L1/CTS_434 & Blockage of Cell L1/n_0_SIGMOID_GEN.SROM/y_reg[8]  ( metal1 )
Bounds : ( 656.010, 702.660 ) ( 656.055, 702.800 )


SHORT: ( Metal Short ) Regular Wire of Net L1/CTS_434 & Blockage of Cell L1/n_0_SIGMOID_GEN.SROM/y_reg[8]  ( metal1 )
Bounds : ( 655.940, 702.660 ) ( 655.975, 702.800 )


SPACING: ( ParallelRunLength Spacing ) Regular Wire of Net CTS_822 & Blockage of Cell holdData_1_reg[458]  ( metal1 )
Bounds : ( 642.900, 689.920 ) ( 642.915, 690.060 )


SPACING: ( ParallelRunLength Spacing ) Regular Wire of Net CTS_852 & Regular Wire of Net CTS_874  ( metal4 )
Bounds : ( 761.830, 614.040 ) ( 761.885, 614.440 )


SPACING: ( ParallelRunLength Spacing ) Regular Wire of Net CTS_874 & Pin of Cell CTS_cpc_drv_BUF_s_axi_aclk_G0_L7_22  ( metal1 )
Bounds : ( 762.015, 614.145 ) ( 762.050, 614.180 )


SPACING: ( ParallelRunLength Spacing ) Regular Wire of Net CTS_874 & Blockage of Cell CTS_cpc_drv_BUF_s_axi_aclk_G0_L7_22  ( metal1 )
Bounds : ( 761.875, 614.140 ) ( 761.910, 614.145 )


SHORT: ( Metal Short ) Regular Wire of Net CTS_852 & Regular Wire of Net CTS_874  ( metal3 )
Bounds : ( 761.725, 614.075 ) ( 761.830, 614.145 )


SPACING: ( ParallelRunLength Spacing ) Regular Wire of Net CTS_861 & Blockage of Cell holdData_1_reg[432]  ( metal1 )
Bounds : ( 646.320, 778.260 ) ( 646.335, 778.400 )


SPACING: ( ParallelRunLength Spacing ) Regular Wire of Net CTS_861 & Blockage of Cell holdData_1_reg[437]  ( metal1 )
Bounds : ( 646.320, 781.060 ) ( 646.335, 781.200 )


SPACING: ( ParallelRunLength Spacing ) Regular Wire of Net CTS_861 & Blockage of Cell holdData_1_reg[433]  ( metal1 )
Bounds : ( 647.080, 771.120 ) ( 647.095, 771.260 )


SPACING: ( ParallelRunLength Spacing ) Regular Wire of Net CTS_861 & Blockage of Cell holdData_1_reg[426]  ( metal1 )
Bounds : ( 650.500, 781.060 ) ( 650.515, 781.200 )


SPACING: ( ParallelRunLength Spacing ) Regular Wire of Net CTS_861 & Blockage of Cell holdData_1_reg[439]  ( metal1 )
Bounds : ( 650.880, 778.260 ) ( 650.895, 778.400 )


SPACING: ( ParallelRunLength Spacing ) Regular Wire of Net CTS_839 & Blockage of Cell holdData_1_reg[409]  ( metal1 )
Bounds : ( 683.560, 785.120 ) ( 683.575, 785.260 )


SPACING: ( ParallelRunLength Spacing ) Regular Wire of Net L1/CTS_517 & Blockage of Cell L1/n_68_sum_reg[21]4004  ( metal1 )
Bounds : ( 537.260, 773.920 ) ( 537.275, 774.060 )


SPACING: ( ParallelRunLength Spacing ) Regular Wire of Net L1/CTS_517 & Blockage of Cell L1/n_68_mul_reg[18]3947  ( metal1 )
Bounds : ( 525.100, 775.460 ) ( 525.115, 775.600 )


SPACING: ( ParallelRunLength Spacing ) Regular Wire of Net L1/CTS_520 & Blockage of Cell L1/n_84_mul_reg[21]4082  ( metal1 )
Bounds : ( 505.340, 797.860 ) ( 505.355, 798.000 )


SPACING: ( ParallelRunLength Spacing ) Regular Wire of Net L1/CTS_517 & Blockage of Cell L1/n_36_sum_reg[22]545  ( metal1 )
Bounds : ( 502.870, 768.320 ) ( 502.915, 768.460 )


SHORT: ( Metal Short ) Regular Wire of Net L1/CTS_517 & Blockage of Cell L1/n_36_sum_reg[22]545  ( metal1 )
Bounds : ( 502.800, 768.320 ) ( 502.835, 768.460 )


SPACING: ( ParallelRunLength Spacing ) Regular Wire of Net L1/CTS_523 & Blockage of Cell L1/n_68_mul_reg[4]3961  ( metal1 )
Bounds : ( 469.620, 771.120 ) ( 469.635, 771.260 )


SPACING: ( ParallelRunLength Spacing ) Regular Wire of Net L1/CTS_523 & Blockage of Cell L1/n_68_mul_reg[1]3964  ( metal1 )
Bounds : ( 459.930, 773.920 ) ( 459.945, 774.060 )


SPACING: ( ParallelRunLength Spacing ) Regular Wire of Net CTS_825 & Blockage of Cell holdData_1_reg[57]  ( metal1 )
Bounds : ( 551.890, 691.460 ) ( 551.905, 691.600 )


SPACING: ( ParallelRunLength Spacing ) Regular Wire of Net L1/CTS_429 & Blockage of Cell L1/n_36_sum_reg[31]70  ( metal1 )
Bounds : ( 496.980, 694.260 ) ( 496.995, 694.400 )


SPACING: ( ParallelRunLength Spacing ) Regular Wire of Net L1/CTS_424 & Blockage of Cell L1/n_1_SIGMOID_GEN.SROM/y_reg[5]  ( metal1 )
Bounds : ( 492.610, 685.860 ) ( 492.645, 686.000 )


SPACING: ( ParallelRunLength Spacing ) Regular Wire of Net L1/CTS_424 & Blockage of Cell L1/n_36_SIGMOID_GEN.SROM1/y_reg[5]  ( metal1 )
Bounds : ( 492.040, 688.660 ) ( 492.075, 688.800 )


SPACING: ( ParallelRunLength Spacing ) Regular Wire of Net L1/CTS_429 & Blockage of Cell L1/n_2_SIGMOID_GEN.SROM/y_reg[9]  ( metal1 )
Bounds : ( 487.480, 702.660 ) ( 487.515, 702.800 )


SPACING: ( ParallelRunLength Spacing ) Regular Wire of Net L1/CTS_424 & Blockage of Cell L1/n_36_sum_reg[29]515  ( metal1 )
Bounds : ( 487.100, 692.720 ) ( 487.115, 692.860 )


SPACING: ( ParallelRunLength Spacing ) Regular Wire of Net L1/CTS_425 & Blockage of Cell L1/n_2_sum_reg[21]  ( metal1 )
Bounds : ( 486.910, 726.320 ) ( 486.955, 726.460 )


SHORT: ( Metal Short ) Regular Wire of Net L1/CTS_425 & Blockage of Cell L1/n_2_sum_reg[21]  ( metal1 )
Bounds : ( 486.840, 726.320 ) ( 486.875, 726.460 )


SPACING: ( ParallelRunLength Spacing ) Regular Wire of Net L1/CTS_426 & Blockage of Cell L1/n_1_mul_reg[20]  ( metal1 )
Bounds : ( 445.870, 667.520 ) ( 445.885, 667.660 )


SPACING: ( ParallelRunLength Spacing ) Regular Wire of Net L1/CTS_418 & Blockage of Cell L1/n_1_mul_reg[12]  ( metal1 )
Bounds : ( 417.180, 680.260 ) ( 417.195, 680.400 )


SPACING: ( ParallelRunLength Spacing ) Regular Wire of Net L1/CTS_420 & Blockage of Cell L1/n_36_SIGMOID_GEN.SROM11715/y_reg[0]  ( metal1 )
Bounds : ( 468.670, 605.920 ) ( 468.685, 606.060 )


SPACING: ( ParallelRunLength Spacing ) Regular Wire of Net L1/CTS_420 & Blockage of Cell L1/n_36_mul_reg[23]14620  ( metal1 )
Bounds : ( 459.170, 610.260 ) ( 459.185, 610.400 )


SPACING: ( ParallelRunLength Spacing ) Regular Wire of Net L1/CTS_486 & Blockage of Cell L1/n_36_mul_reg[21]14622  ( metal1 )
Bounds : ( 449.480, 603.120 ) ( 449.495, 603.260 )


SPACING: ( ParallelRunLength Spacing ) Regular Wire of Net L1/CTS_416 & Blockage of Cell L1/n_84_mul_reg[15]26357  ( metal1 )
Bounds : ( 435.040, 621.460 ) ( 435.085, 621.600 )


SPACING: ( ParallelRunLength Spacing ) Regular Wire of Net L1/CTS_416 & Blockage of Cell L1/n_84_sum_reg[14]26525  ( metal1 )
Bounds : ( 425.730, 622.720 ) ( 425.745, 622.860 )


SHORT: ( Metal Short ) Regular Wire of Net L1/CTS_416 & Blockage of Cell L1/n_84_mul_reg[15]26357  ( metal1 )
Bounds : ( 434.970, 621.460 ) ( 435.005, 621.600 )


SPACING: ( ParallelRunLength Spacing ) Regular Wire of Net CTS_863 & Blockage of Cell L1/n_68_sum_reg[23]4014  ( metal1 )
Bounds : ( 546.380, 778.260 ) ( 546.395, 778.400 )


SPACING: ( ParallelRunLength Spacing ) Regular Wire of Net CTS_863 & Blockage of Cell holdData_1_reg[25]  ( metal1 )
Bounds : ( 563.480, 767.060 ) ( 563.495, 767.200 )


SHORT: ( Metal Short ) Regular Wire of Net CTS_862 & Blockage of Cell L1/n_84_sum_reg[29]4175  ( metal1 )
Bounds : ( 573.670, 776.720 ) ( 573.705, 776.860 )


SPACING: ( ParallelRunLength Spacing ) Regular Wire of Net CTS_862 & Blockage of Cell L1/n_84_sum_reg[29]4175  ( metal1 )
Bounds : ( 573.740, 776.720 ) ( 573.785, 776.860 )


SPACING: ( ParallelRunLength Spacing ) Regular Wire of Net CTS_862 & Blockage of Cell holdData_1_reg[19]  ( metal1 )
Bounds : ( 578.490, 767.060 ) ( 578.505, 767.200 )


SHORT: ( Metal Short ) Regular Wire of Net L1/CTS_413 & Blockage of Cell L1/n_0_sum_reg[26]  ( metal1 )
Bounds : ( 666.010, 561.120 ) ( 666.045, 561.260 )


SHORT: ( Metal Short ) Regular Wire of Net L1/CTS_446 & Blockage of Cell L1/n_52_SIGMOID_GEN.SROM/y_reg[9]  ( metal1 )
Bounds : ( 692.990, 505.120 ) ( 693.015, 505.260 )


SPACING: ( ParallelRunLength Spacing ) Regular Wire of Net L1/CTS_413 & Blockage of Cell L1/n_0_sum_reg[26]  ( metal1 )
Bounds : ( 666.080, 561.120 ) ( 666.125, 561.260 )


SPACING: ( ParallelRunLength Spacing ) Regular Wire of Net L1/CTS_446 & Blockage of Cell L1/n_52_SIGMOID_GEN.SROM/y_reg[9]  ( metal1 )
Bounds : ( 693.060, 505.120 ) ( 693.095, 505.260 )


SHORT: ( Metal Short ) Regular Wire of Net CTS_832 & Blockage of Cell holdData_1_reg[231]  ( metal1 )
Bounds : ( 799.200, 535.920 ) ( 799.235, 536.060 )


SPACING: ( ParallelRunLength Spacing ) Regular Wire of Net CTS_832 & Blockage of Cell holdData_1_reg[231]  ( metal1 )
Bounds : ( 799.270, 535.920 ) ( 799.315, 536.060 )


SPACING: ( ParallelRunLength Spacing ) Regular Wire of Net L1/CTS_413 & Blockage of Cell L1/n_84_SIGMOID_GEN.SROM11718/y_reg[2]  ( metal1 )
Bounds : ( 671.970, 568.260 ) ( 671.985, 568.400 )


SHORT: ( Metal Short ) Regular Wire of Net L1/CTS_443 & Blockage of Cell L1/n_100_WM_wout_reg[12]  ( metal1 )
Bounds : ( 762.400, 406.035 ) ( 762.445, 406.105 )


SPACING: ( ParallelRunLength Spacing ) Regular Wire of Net L1/CTS_447 & Blockage of Cell L1/n_52_mul_reg[16]  ( metal1 )
Bounds : ( 709.590, 446.320 ) ( 709.635, 446.460 )


SPACING: ( ParallelRunLength Spacing ) Regular Wire of Net L1/CTS_447 & Blockage of Cell L1/n_52_sum_reg[21]  ( metal1 )
Bounds : ( 702.750, 467.460 ) ( 702.765, 467.600 )


SHORT: ( Metal Short ) Regular Wire of Net L1/CTS_447 & Blockage of Cell L1/n_52_mul_reg[11]  ( metal1 )
Bounds : ( 712.940, 432.320 ) ( 712.975, 432.460 )


SHORT: ( Metal Short ) Regular Wire of Net L1/CTS_447 & Blockage of Cell L1/n_52_mul_reg[14]  ( metal1 )
Bounds : ( 709.710, 440.720 ) ( 709.745, 440.860 )


SHORT: ( Metal Short ) Regular Wire of Net L1/CTS_447 & Blockage of Cell L1/n_52_mul_reg[16]  ( metal1 )
Bounds : ( 709.520, 446.320 ) ( 709.555, 446.460 )


SPACING: ( ParallelRunLength Spacing ) Regular Wire of Net L1/CTS_447 & Blockage of Cell L1/n_52_mul_reg[14]  ( metal1 )
Bounds : ( 709.780, 440.720 ) ( 709.825, 440.860 )


SPACING: ( ParallelRunLength Spacing ) Regular Wire of Net L1/CTS_447 & Blockage of Cell L1/n_52_mul_reg[11]  ( metal1 )
Bounds : ( 713.010, 432.320 ) ( 713.055, 432.460 )


SHORT: ( Metal Short ) Regular Wire of Net L1/CTS_457 & Blockage of Cell L1/n_0_sum_reg[5]  ( metal1 )
Bounds : ( 773.930, 463.120 ) ( 773.965, 463.260 )


SHORT: ( Metal Short ) Regular Wire of Net L1/CTS_461 & Blockage of Cell L1/n_100_sum_reg[21]  ( metal1 )
Bounds : ( 788.750, 440.720 ) ( 788.785, 440.860 )


SPACING: ( ParallelRunLength Spacing ) Regular Wire of Net L1/CTS_457 & Blockage of Cell L1/n_0_mul_reg[4]  ( metal1 )
Bounds : ( 769.630, 454.720 ) ( 769.645, 454.860 )


SPACING: ( ParallelRunLength Spacing ) Regular Wire of Net L1/CTS_457 & Blockage of Cell L1/n_0_mul_reg[2]  ( metal1 )
Bounds : ( 769.820, 450.660 ) ( 769.835, 450.800 )


SPACING: ( ParallelRunLength Spacing ) Regular Wire of Net L1/CTS_457 & Blockage of Cell L1/n_0_sum_reg[5]  ( metal1 )
Bounds : ( 774.000, 463.120 ) ( 774.045, 463.260 )


SPACING: ( ParallelRunLength Spacing ) Regular Wire of Net L1/CTS_460 & Blockage of Cell L1/n_132_sum_reg[25]  ( metal1 )
Bounds : ( 778.180, 475.860 ) ( 778.195, 476.000 )


SPACING: ( ParallelRunLength Spacing ) Regular Wire of Net L1/CTS_451 & Blockage of Cell L1/n_100_mul_reg[16]  ( metal1 )
Bounds : ( 785.970, 412.720 ) ( 785.985, 412.860 )


SPACING: ( ParallelRunLength Spacing ) Regular Wire of Net L1/CTS_451 & Blockage of Cell L1/n_100_mul_reg[20]  ( metal1 )
Bounds : ( 786.920, 431.060 ) ( 786.935, 431.200 )


SPACING: ( ParallelRunLength Spacing ) Regular Wire of Net L1/CTS_461 & Blockage of Cell L1/n_100_sum_reg[21]  ( metal1 )
Bounds : ( 788.820, 440.720 ) ( 788.865, 440.860 )


SPACING: ( ParallelRunLength Spacing ) Regular Wire of Net L1/CTS_451 & Blockage of Cell L1/n_68_mul_reg[25]  ( metal1 )
Bounds : ( 789.200, 412.720 ) ( 789.215, 412.860 )


SPACING: ( ParallelRunLength Spacing ) Regular Wire of Net L1/CTS_480 & Blockage of Cell L1/n_36_sum_reg[31]  ( metal1 )
Bounds : ( 627.510, 496.720 ) ( 627.555, 496.860 )


SPACING: ( ParallelRunLength Spacing ) Regular Wire of Net L1/CTS_481 & Blockage of Cell L1/n_164_mul_reg[12]  ( metal1 )
Bounds : ( 673.300, 453.460 ) ( 673.345, 453.600 )


SPACING: ( ParallelRunLength Spacing ) Regular Wire of Net L1/CTS_477 & Blockage of Cell L1/n_0_r_addr_reg[7]  ( metal1 )
Bounds : ( 652.400, 426.720 ) ( 652.435, 426.860 )


SPACING: ( ParallelRunLength Spacing ) Regular Wire of Net L1/CTS_474 & Blockage of Cell L1/n_148_mul_reg[7]  ( metal1 )
Bounds : ( 622.000, 460.320 ) ( 622.045, 460.460 )


SHORT: ( Metal Short ) Regular Wire of Net L1/CTS_475 & Blockage of Cell L1/n_36_mul_reg[25]  ( metal1 )
Bounds : ( 610.910, 484.260 ) ( 610.945, 484.400 )


SHORT: ( Metal Short ) Regular Wire of Net L1/CTS_474 & Blockage of Cell L1/n_148_mul_reg[7]  ( metal1 )
Bounds : ( 621.930, 460.320 ) ( 621.965, 460.460 )


SPACING: ( ParallelRunLength Spacing ) Regular Wire of Net L1/CTS_475 & Blockage of Cell L1/n_36_mul_reg[25]  ( metal1 )
Bounds : ( 610.980, 484.260 ) ( 611.025, 484.400 )


SHORT: ( Metal Short ) Regular Wire of Net L1/CTS_481 & Blockage of Cell L1/n_164_mul_reg[12]  ( metal1 )
Bounds : ( 673.230, 453.460 ) ( 673.265, 453.600 )


SHORT: ( Metal Short ) Regular Wire of Net L1/CTS_480 & Blockage of Cell L1/n_36_sum_reg[23]  ( metal1 )
Bounds : ( 617.750, 491.120 ) ( 617.785, 491.260 )


SHORT: ( Metal Short ) Regular Wire of Net L1/CTS_480 & Blockage of Cell L1/n_36_sum_reg[31]  ( metal1 )
Bounds : ( 627.440, 496.720 ) ( 627.475, 496.860 )


SPACING: ( ParallelRunLength Spacing ) Regular Wire of Net L1/CTS_475 & Blockage of Cell L1/n_36_mul_reg[23]  ( metal1 )
Bounds : ( 606.230, 487.060 ) ( 606.245, 487.200 )


SPACING: ( ParallelRunLength Spacing ) Regular Wire of Net L1/CTS_480 & Blockage of Cell L1/n_36_sum_reg[23]  ( metal1 )
Bounds : ( 617.820, 491.120 ) ( 617.865, 491.260 )


SPACING: ( ParallelRunLength Spacing ) Regular Wire of Net L1/CTS_480 & Blockage of Cell L1/n_36_mul_reg[20]  ( metal1 )
Bounds : ( 622.000, 487.060 ) ( 622.015, 487.200 )


SPACING: ( ParallelRunLength Spacing ) Regular Wire of Net L1/CTS_496 & Blockage of Cell L1/n_164_mul_reg[22]45511  ( metal1 )
Bounds : ( 456.015, 533.120 ) ( 456.060, 533.260 )


SPACING: ( ParallelRunLength Spacing ) Regular Wire of Net L1/CTS_493 & Blockage of Cell L1/n_116_mul_reg[20]33572  ( metal1 )
Bounds : ( 449.480, 554.260 ) ( 449.495, 554.400 )


SPACING: ( ParallelRunLength Spacing ) Regular Wire of Net L1/CTS_488 & Blockage of Cell L1/n_148_sum_reg[20]41777  ( metal1 )
Bounds : ( 443.400, 513.520 ) ( 443.415, 513.660 )


SPACING: ( ParallelRunLength Spacing ) Regular Wire of Net L1/CTS_496 & Blockage of Cell L1/n_100_mul_reg[19]29690  ( metal1 )
Bounds : ( 442.640, 523.460 ) ( 442.655, 523.600 )


SPACING: ( ParallelRunLength Spacing ) Regular Wire of Net L1/CTS_501 & Blockage of Cell L1/n_68_sum_reg[18]19109  ( metal1 )
Bounds : ( 439.790, 501.060 ) ( 439.835, 501.200 )


SPACING: ( ParallelRunLength Spacing ) Regular Wire of Net L1/CTS_488 & Blockage of Cell L1/n_100_sum_reg[15]29832  ( metal1 )
Bounds : ( 423.260, 515.060 ) ( 423.305, 515.200 )


SPACING: ( ParallelRunLength Spacing ) Regular Wire of Net L1/CTS_492 & Blockage of Cell L1/n_116_sum_reg[12]33729  ( metal1 )
Bounds : ( 415.470, 544.320 ) ( 415.485, 544.460 )


SPACING: ( ParallelRunLength Spacing ) Regular Wire of Net L1/CTS_492 & Blockage of Cell L1/n_116_mul_reg[10]33582  ( metal1 )
Bounds : ( 408.820, 549.920 ) ( 408.865, 550.060 )


SHORT: ( Metal Short ) Regular Wire of Net L1/CTS_496 & Blockage of Cell L1/n_164_mul_reg[22]45511  ( metal1 )
Bounds : ( 456.095, 533.120 ) ( 456.130, 533.260 )


SHORT: ( Metal Short ) Regular Wire of Net L1/CTS_501 & Blockage of Cell L1/n_68_sum_reg[18]19109  ( metal1 )
Bounds : ( 439.720, 501.060 ) ( 439.755, 501.200 )


SHORT: ( Metal Short ) Regular Wire of Net L1/CTS_488 & Blockage of Cell L1/n_100_sum_reg[15]29832  ( metal1 )
Bounds : ( 423.190, 515.060 ) ( 423.225, 515.200 )


SHORT: ( Metal Short ) Regular Wire of Net L1/CTS_492 & Blockage of Cell L1/n_116_mul_reg[10]33582  ( metal1 )
Bounds : ( 408.750, 549.920 ) ( 408.785, 550.060 )


SPACING: ( ParallelRunLength Spacing ) Regular Wire of Net L1/CTS_491 & Blockage of Cell L1/n_68_mul_reg[13]22914  ( metal1 )
Bounds : ( 401.600, 505.120 ) ( 401.615, 505.260 )


SHORT: ( Metal Short ) Regular Wire of Net CTS_854 & Blockage of Cell holdData_1_reg[89]  ( metal1 )
Bounds : ( 545.740, 554.260 ) ( 545.775, 554.400 )


SHORT: ( Metal Short ) Regular Wire of Net CTS_857 & Blockage of Cell holdData_1_reg[86]  ( metal1 )
Bounds : ( 549.350, 566.720 ) ( 549.385, 566.860 )


SHORT: ( Metal Short ) Regular Wire of Net CTS_856 & Blockage of Cell holdData_1_reg[101]  ( metal1 )
Bounds : ( 553.150, 555.520 ) ( 553.185, 555.660 )


SPACING: ( ParallelRunLength Spacing ) Regular Wire of Net CTS_854 & Blockage of Cell holdData_1_reg[89]  ( metal1 )
Bounds : ( 545.810, 554.260 ) ( 545.855, 554.400 )


SPACING: ( ParallelRunLength Spacing ) Regular Wire of Net CTS_857 & Blockage of Cell holdData_1_reg[86]  ( metal1 )
Bounds : ( 549.420, 566.720 ) ( 549.465, 566.860 )


SPACING: ( ParallelRunLength Spacing ) Regular Wire of Net CTS_856 & Blockage of Cell holdData_1_reg[101]  ( metal1 )
Bounds : ( 553.220, 555.520 ) ( 553.265, 555.660 )


SHORT: ( Metal Short ) Regular Wire of Net L1/CTS_486 & Blockage of Cell L1/n_52_sum_reg[16]14866  ( metal1 )
Bounds : ( 448.080, 591.920 ) ( 448.115, 592.060 )


SPACING: ( ParallelRunLength Spacing ) Regular Wire of Net L1/CTS_486 & Blockage of Cell L1/n_52_mul_reg[17]18870  ( metal1 )
Bounds : ( 446.060, 587.860 ) ( 446.075, 588.000 )


SPACING: ( ParallelRunLength Spacing ) Regular Wire of Net L1/CTS_486 & Blockage of Cell L1/n_52_mul_reg[19]18868  ( metal1 )
Bounds : ( 446.250, 586.320 ) ( 446.265, 586.460 )


SPACING: ( ParallelRunLength Spacing ) Regular Wire of Net L1/CTS_486 & Blockage of Cell L1/n_52_sum_reg[16]14866  ( metal1 )
Bounds : ( 448.150, 591.920 ) ( 448.195, 592.060 )


SPACING: ( ParallelRunLength Spacing ) Regular Wire of Net L1/CTS_495 & Blockage of Cell L1/n_52_mul_reg[23]18864  ( metal1 )
Bounds : ( 454.610, 576.660 ) ( 454.625, 576.800 )


SPACING: ( ParallelRunLength Spacing ) Regular Wire of Net CTS_855 & Blockage of Cell L1/n_164_sum_reg[31]41960  ( metal1 )
Bounds : ( 528.900, 576.660 ) ( 528.915, 576.800 )


SPACING: ( ParallelRunLength Spacing ) Regular Wire of Net L1/CTS_501 & Blockage of Cell L1/n_132_sum_reg[18]37840  ( metal1 )
Bounds : ( 448.720, 488.320 ) ( 448.735, 488.460 )


SPACING: ( ParallelRunLength Spacing ) Regular Wire of Net L1/CTS_478 & Blockage of Cell L1/n_36_mul_reg[5]  ( metal1 )
Bounds : ( 577.350, 450.660 ) ( 577.365, 450.800 )


SPACING: ( ParallelRunLength Spacing ) Regular Wire of Net L1/CTS_478 & Blockage of Cell L1/n_36_mul_reg[7]  ( metal1 )
Bounds : ( 575.830, 451.920 ) ( 575.845, 452.060 )


SPACING: ( ParallelRunLength Spacing ) Regular Wire of Net L1/CTS_478 & Blockage of Cell L1/n_36_mul_reg[10]  ( metal1 )
Bounds : ( 575.450, 461.860 ) ( 575.465, 462.000 )


SPACING: ( ParallelRunLength Spacing ) Regular Wire of Net L1/CTS_468 & Blockage of Cell L1/n_132_mul_reg[6]37719  ( metal1 )
Bounds : ( 455.370, 418.320 ) ( 455.385, 418.460 )


SPACING: ( ParallelRunLength Spacing ) Regular Wire of Net L1/CTS_501 & Blockage of Cell L1/n_132_mul_reg[17]37708  ( metal1 )
Bounds : ( 453.850, 477.120 ) ( 453.895, 477.260 )


SPACING: ( ParallelRunLength Spacing ) Regular Wire of Net L1/CTS_468 & Blockage of Cell L1/n_132_mul_reg[5]37720  ( metal1 )
Bounds : ( 453.660, 417.060 ) ( 453.675, 417.200 )


SPACING: ( ParallelRunLength Spacing ) Regular Wire of Net L1/CTS_468 & Pin of Cell L1/n_1_myinputd_reg[2]  ( metal1 )
Bounds : ( 439.475, 429.660 ) ( 439.530, 429.685 )


SPACING: ( ParallelRunLength Spacing ) Regular Wire of Net L1/CTS_467 & Blockage of Cell L1/n_1_myinputd_reg[8]  ( metal1 )
Bounds : ( 436.370, 463.260 ) ( 436.415, 463.400 )


SPACING: ( ParallelRunLength Spacing ) Regular Wire of Net L1/CTS_467 & Blockage of Cell L1/n_148_mul_reg[16]41720  ( metal1 )
Bounds : ( 435.610, 460.320 ) ( 435.655, 460.460 )


SPACING: ( ParallelRunLength Spacing ) Regular Wire of Net L1/CTS_467 & Blockage of Cell L1/n_164_sum_reg[16]45551  ( metal1 )
Bounds : ( 429.150, 485.520 ) ( 429.195, 485.660 )


SHORT: ( Metal Short ) Regular Wire of Net L1/CTS_501 & Blockage of Cell L1/n_132_mul_reg[17]37708  ( metal1 )
Bounds : ( 453.780, 477.120 ) ( 453.815, 477.260 )


SHORT: ( Metal Short ) Regular Wire of Net L1/CTS_468 & Blockage of Cell L1/n_1_myinputd_reg[2]  ( metal1 )
Bounds : ( 439.540, 429.660 ) ( 439.600, 429.800 )


SHORT: ( Metal Short ) Regular Wire of Net L1/CTS_468 & Blockage of Cell L1/n_1_myinputd_reg[2]  ( metal1 )
Bounds : ( 439.530, 429.775 ) ( 439.600, 429.800 )


SHORT: ( Metal Short ) Regular Wire of Net L1/CTS_467 & Blockage of Cell L1/n_1_myinputd_reg[8]  ( metal1 )
Bounds : ( 436.300, 463.260 ) ( 436.335, 463.400 )


SHORT: ( Metal Short ) Regular Wire of Net L1/CTS_467 & Blockage of Cell L1/n_148_mul_reg[16]41720  ( metal1 )
Bounds : ( 435.540, 460.320 ) ( 435.575, 460.460 )


SHORT: ( Metal Short ) Regular Wire of Net L1/CTS_467 & Blockage of Cell L1/n_164_sum_reg[16]45551  ( metal1 )
Bounds : ( 429.080, 485.520 ) ( 429.115, 485.660 )


SPACING: ( ParallelRunLength Spacing ) Regular Wire of Net L1/CTS_471 & Blockage of Cell L1/n_164_sum_reg[8]45713  ( metal1 )
Bounds : ( 378.610, 432.320 ) ( 378.625, 432.460 )


SPACING: ( ParallelRunLength Spacing ) Regular Wire of Net L1/CTS_466 & Blockage of Cell L1/n_164_sum_reg[14]45683  ( metal1 )
Bounds : ( 381.840, 457.520 ) ( 381.855, 457.660 )


SHORT: ( Metal Short ) Regular Wire of Net L1/CTS_485 & Blockage of Cell L1/n_68_mul_reg[9]22918  ( metal1 )
Bounds : ( 381.770, 493.920 ) ( 381.805, 494.060 )


SHORT: ( Metal Short ) Regular Wire of Net L1/CTS_485 & Blockage of Cell L1/n_100_sum_reg[3]29892  ( metal1 )
Bounds : ( 384.810, 499.520 ) ( 384.845, 499.660 )


SHORT: ( Metal Short ) Regular Wire of Net L1/CTS_491 & Blockage of Cell L1/n_100_mul_reg[8]29701  ( metal1 )
Bounds : ( 396.970, 515.060 ) ( 397.005, 515.200 )


SHORT: ( Metal Short ) Regular Wire of Net L1/CTS_492 & Blockage of Cell L1/n_116_mul_reg[5]33587  ( metal1 )
Bounds : ( 398.110, 549.920 ) ( 398.145, 550.060 )


SHORT: ( Metal Short ) Regular Wire of Net L1/CTS_491 & Blockage of Cell L1/n_68_sum_reg[12]23060  ( metal1 )
Bounds : ( 398.300, 505.120 ) ( 398.335, 505.260 )


SPACING: ( ParallelRunLength Spacing ) Regular Wire of Net L1/CTS_470 & Blockage of Cell L1/n_68_sum_reg[8]23080  ( metal1 )
Bounds : ( 379.180, 491.120 ) ( 379.195, 491.260 )


SPACING: ( ParallelRunLength Spacing ) Regular Wire of Net L1/CTS_485 & Blockage of Cell L1/n_68_mul_reg[9]22918  ( metal1 )
Bounds : ( 381.840, 493.920 ) ( 381.885, 494.060 )


SPACING: ( ParallelRunLength Spacing ) Regular Wire of Net L1/CTS_485 & Blockage of Cell L1/n_100_sum_reg[3]29892  ( metal1 )
Bounds : ( 384.880, 499.520 ) ( 384.925, 499.660 )


SPACING: ( ParallelRunLength Spacing ) Regular Wire of Net L1/CTS_491 & Blockage of Cell L1/n_100_mul_reg[8]29701  ( metal1 )
Bounds : ( 397.040, 515.060 ) ( 397.085, 515.200 )


SPACING: ( ParallelRunLength Spacing ) Regular Wire of Net L1/CTS_492 & Blockage of Cell L1/n_116_mul_reg[5]33587  ( metal1 )
Bounds : ( 398.180, 549.920 ) ( 398.225, 550.060 )


SPACING: ( ParallelRunLength Spacing ) Regular Wire of Net L1/CTS_491 & Blockage of Cell L1/n_68_sum_reg[12]23060  ( metal1 )
Bounds : ( 398.370, 505.120 ) ( 398.415, 505.260 )


SHORT: ( Metal Short ) Regular Wire of Net L1/CTS_490 & Blockage of Cell L1/n_36_mul_reg[4]14639  ( metal1 )
Bounds : ( 374.550, 607.460 ) ( 374.585, 607.600 )


SHORT: ( Metal Short ) Regular Wire of Net L1/CTS_490 & Blockage of Cell L1/n_36_mul_reg[0]14643  ( metal1 )
Bounds : ( 374.740, 613.060 ) ( 374.775, 613.200 )


SHORT: ( Metal Short ) Regular Wire of Net L1/CTS_417 & Blockage of Cell L1/n_52_sum_reg[3]19068  ( metal1 )
Bounds : ( 384.430, 622.720 ) ( 384.465, 622.860 )


SHORT: ( Metal Short ) Regular Wire of Net L1/CTS_417 & Blockage of Cell L1/n_52_mul_reg[3]18884  ( metal1 )
Bounds : ( 387.660, 622.720 ) ( 387.695, 622.860 )


SHORT: ( Metal Short ) Regular Wire of Net L1/CTS_489 & Blockage of Cell L1/n_52_WM_wout_reg[11]15303  ( metal1 )
Bounds : ( 391.710, 576.835 ) ( 391.755, 576.905 )


SPACING: ( ParallelRunLength Spacing ) Regular Wire of Net L1/CTS_490 & Blockage of Cell L1/n_36_mul_reg[4]14639  ( metal1 )
Bounds : ( 374.620, 607.460 ) ( 374.665, 607.600 )


SPACING: ( ParallelRunLength Spacing ) Regular Wire of Net L1/CTS_490 & Blockage of Cell L1/n_36_mul_reg[0]14643  ( metal1 )
Bounds : ( 374.810, 613.060 ) ( 374.855, 613.200 )


SPACING: ( ParallelRunLength Spacing ) Regular Wire of Net L1/CTS_417 & Blockage of Cell L1/n_52_sum_reg[3]19068  ( metal1 )
Bounds : ( 384.500, 622.720 ) ( 384.545, 622.860 )


SPACING: ( ParallelRunLength Spacing ) Regular Wire of Net L1/CTS_417 & Blockage of Cell L1/n_52_mul_reg[3]18884  ( metal1 )
Bounds : ( 387.730, 622.720 ) ( 387.775, 622.860 )


SPACING: ( ParallelRunLength Spacing ) Regular Wire of Net L1/CTS_437 & Blockage of Cell L1/n_68_sum_reg[18]  ( metal1 )
Bounds : ( 795.660, 353.920 ) ( 795.675, 354.060 )


SPACING: ( ParallelRunLength Spacing ) Regular Wire of Net L1/CTS_454 & Blockage of Cell L1/n_100_mul_reg[12]  ( metal1 )
Bounds : ( 784.260, 391.860 ) ( 784.275, 392.000 )


SPACING: ( ParallelRunLength Spacing ) Regular Wire of Net L1/CTS_437 & Blockage of Cell L1/n_100_sum_reg[5]  ( metal1 )
Bounds : ( 782.930, 369.460 ) ( 782.975, 369.600 )


SPACING: ( ParallelRunLength Spacing ) Regular Wire of Net L1/CTS_441 & Blockage of Cell L1/n_100_mul_reg[2]  ( metal1 )
Bounds : ( 773.240, 362.320 ) ( 773.255, 362.460 )


SHORT: ( Metal Short ) Regular Wire of Net L1/CTS_437 & Blockage of Cell L1/n_100_sum_reg[5]  ( metal1 )
Bounds : ( 782.860, 369.460 ) ( 782.895, 369.600 )


SHORT: ( Metal Short ) Regular Wire of Net L1/CTS_439 & Blockage of Cell L1/n_100_WM_wout_reg[10]  ( metal1 )
Bounds : ( 755.385, 344.435 ) ( 755.415, 344.505 )


  Total Violations : 519 Viols.
